{
"contracts/BoosterController.sol":{"l":{"63":10,"65":9,"66":9,"68":8,"69":32,"70":32,"84":20,"86":19,"98":7,"99":6,"100":6,"102":6,"116":19,"117":19,"118":12,"120":7,"122":7,"124":7,"125":3,"127":3,"139":9,"141":9,"142":9,"143":9,"144":8,"147":9,"148":9,"149":27,"150":27,"151":27,"164":5,"165":5,"174":51,"175":51,"176":51,"177":49,"179":48,"180":48,"185":47,"186":47,"188":47,"189":7,"190":7,"192":46,"193":35,"194":35,"197":45,"199":45,"209":16,"210":16,"211":16,"212":15,"213":15,"214":19,"215":19,"216":19,"217":18,"218":18,"219":18,"222":15,"223":15,"232":54,"233":54,"234":54,"235":54,"236":139,"237":13,"240":139,"241":110,"244":54},"path":"/Users/coredev0927/WorkSpace/Blockchain/Evm/Altava/staking-contract/contracts/BoosterController.sol","s":{"1":10,"2":9,"3":9,"4":8,"5":32,"6":32,"7":20,"8":19,"9":7,"10":6,"11":6,"12":6,"13":19,"14":19,"15":12,"16":7,"17":7,"18":7,"19":3,"20":4,"21":3,"22":1,"23":9,"24":9,"25":9,"26":9,"27":8,"28":9,"29":27,"30":27,"31":5,"32":5,"33":51,"34":51,"35":51,"36":49,"37":48,"38":48,"39":47,"40":47,"41":47,"42":7,"43":7,"44":46,"45":35,"46":35,"47":45,"48":45,"49":16,"50":16,"51":16,"52":1,"53":15,"54":15,"55":19,"56":19,"57":19,"58":15,"59":3,"60":15,"61":5,"62":54,"63":54,"64":54,"65":54,"66":139,"67":139,"68":54},"b":{"1":[10,1],"2":[9,1],"3":[8,1],"4":[20,1],"5":[19,1],"6":[7,1],"7":[6,1],"8":[12,7],"9":[3,4],"10":[3,1],"11":[8,1],"12":[49,2],"13":[48,1],"14":[47,1],"15":[7,40],"16":[6,1],"17":[35,11],"18":[34,1],"19":[1,15],"20":[18,1],"21":[3,12],"22":[5,10],"23":[13,126],"24":[110,29]},"f":{"1":10,"2":20,"3":7,"4":19,"5":9,"6":5,"7":51,"8":16,"9":54},"fnMap":{"1":{"name":"setBoosterArray","line":62,"loc":{"start":{"line":59,"column":4},"end":{"line":72,"column":4}}},"2":{"name":"setBoosterValue","line":82,"loc":{"start":{"line":80,"column":4},"end":{"line":87,"column":4}}},"3":{"name":"removeBoosterValue","line":96,"loc":{"start":{"line":94,"column":4},"end":{"line":103,"column":4}}},"4":{"name":"getBoosterAPR","line":111,"loc":{"start":{"line":111,"column":4},"end":{"line":129,"column":4}}},"5":{"name":"getBoosterKeysValues","line":134,"loc":{"start":{"line":134,"column":4},"end":{"line":153,"column":4}}},"6":{"name":"getTotalPairCount","line":159,"loc":{"start":{"line":159,"column":4},"end":{"line":166,"column":4}}},"7":{"name":"_setBoosterValue","line":171,"loc":{"start":{"line":171,"column":4},"end":{"line":200,"column":4}}},"8":{"name":"_quickSort","line":204,"loc":{"start":{"line":204,"column":4},"end":{"line":224,"column":4}}},"9":{"name":"_getTopDownKeys","line":227,"loc":{"start":{"line":227,"column":4},"end":{"line":245,"column":4}}}},"statementMap":{"1":{"start":{"line":63,"column":8},"end":{"line":63,"column":68}},"2":{"start":{"line":65,"column":8},"end":{"line":65,"column":44}},"3":{"start":{"line":66,"column":8},"end":{"line":66,"column":47}},"4":{"start":{"line":68,"column":8},"end":{"line":68,"column":2395}},"5":{"start":{"line":69,"column":12},"end":{"line":69,"column":56}},"6":{"start":{"line":70,"column":12},"end":{"line":70,"column":49}},"7":{"start":{"line":84,"column":8},"end":{"line":84,"column":68}},"8":{"start":{"line":86,"column":8},"end":{"line":86,"column":45}},"9":{"start":{"line":98,"column":8},"end":{"line":98,"column":68}},"10":{"start":{"line":99,"column":8},"end":{"line":99,"column":70}},"11":{"start":{"line":100,"column":8},"end":{"line":100,"column":36}},"12":{"start":{"line":102,"column":8},"end":{"line":102,"column":59}},"13":{"start":{"line":116,"column":8},"end":{"line":116,"column":70}},"14":{"start":{"line":117,"column":8},"end":{"line":117,"column":3974}},"15":{"start":{"line":118,"column":12},"end":{"line":118,"column":46}},"16":{"start":{"line":120,"column":8},"end":{"line":120,"column":53}},"17":{"start":{"line":122,"column":8},"end":{"line":122,"column":73}},"18":{"start":{"line":124,"column":8},"end":{"line":124,"column":4226}},"19":{"start":{"line":125,"column":12},"end":{"line":125,"column":48}},"20":{"start":{"line":126,"column":15},"end":{"line":126,"column":4313}},"21":{"start":{"line":127,"column":12},"end":{"line":127,"column":51}},"22":{"start":{"line":128,"column":15},"end":{"line":128,"column":23}},"23":{"start":{"line":139,"column":8},"end":{"line":139,"column":70}},"24":{"start":{"line":141,"column":8},"end":{"line":141,"column":53}},"25":{"start":{"line":142,"column":8},"end":{"line":142,"column":37}},"26":{"start":{"line":143,"column":8},"end":{"line":143,"column":4793}},"27":{"start":{"line":144,"column":12},"end":{"line":144,"column":57}},"28":{"start":{"line":148,"column":8},"end":{"line":148,"column":4943}},"29":{"start":{"line":149,"column":12},"end":{"line":149,"column":33}},"30":{"start":{"line":150,"column":12},"end":{"line":150,"column":52}},"31":{"start":{"line":164,"column":8},"end":{"line":164,"column":70}},"32":{"start":{"line":165,"column":8},"end":{"line":165,"column":43}},"33":{"start":{"line":174,"column":8},"end":{"line":174,"column":34}},"34":{"start":{"line":175,"column":8},"end":{"line":175,"column":34}},"35":{"start":{"line":176,"column":8},"end":{"line":176,"column":59}},"36":{"start":{"line":177,"column":8},"end":{"line":177,"column":69}},"37":{"start":{"line":179,"column":8},"end":{"line":179,"column":70}},"38":{"start":{"line":180,"column":8},"end":{"line":180,"column":5953}},"39":{"start":{"line":185,"column":8},"end":{"line":185,"column":53}},"40":{"start":{"line":186,"column":8},"end":{"line":186,"column":72}},"41":{"start":{"line":188,"column":8},"end":{"line":188,"column":6212}},"42":{"start":{"line":189,"column":12},"end":{"line":189,"column":58}},"43":{"start":{"line":190,"column":12},"end":{"line":190,"column":58}},"44":{"start":{"line":192,"column":8},"end":{"line":192,"column":6374}},"45":{"start":{"line":193,"column":12},"end":{"line":193,"column":64}},"46":{"start":{"line":194,"column":12},"end":{"line":194,"column":61}},"47":{"start":{"line":197,"column":8},"end":{"line":197,"column":40}},"48":{"start":{"line":199,"column":8},"end":{"line":199,"column":63}},"49":{"start":{"line":209,"column":8},"end":{"line":209,"column":20}},"50":{"start":{"line":210,"column":8},"end":{"line":210,"column":21}},"51":{"start":{"line":211,"column":8},"end":{"line":211,"column":26}},"52":{"start":{"line":211,"column":20},"end":{"line":211,"column":26}},"53":{"start":{"line":212,"column":8},"end":{"line":212,"column":57}},"54":{"start":{"line":213,"column":8},"end":{"line":213,"column":6998}},"55":{"start":{"line":214,"column":12},"end":{"line":214,"column":44}},"56":{"start":{"line":215,"column":12},"end":{"line":215,"column":44}},"57":{"start":{"line":216,"column":12},"end":{"line":216,"column":7123}},"58":{"start":{"line":222,"column":8},"end":{"line":222,"column":46}},"59":{"start":{"line":222,"column":22},"end":{"line":222,"column":45}},"60":{"start":{"line":223,"column":8},"end":{"line":223,"column":48}},"61":{"start":{"line":223,"column":23},"end":{"line":223,"column":47}},"62":{"start":{"line":232,"column":8},"end":{"line":232,"column":37}},"63":{"start":{"line":233,"column":8},"end":{"line":233,"column":30}},"64":{"start":{"line":234,"column":8},"end":{"line":234,"column":26}},"65":{"start":{"line":235,"column":8},"end":{"line":235,"column":7773}},"66":{"start":{"line":236,"column":12},"end":{"line":236,"column":7829}},"67":{"start":{"line":240,"column":12},"end":{"line":240,"column":7932}},"68":{"start":{"line":244,"column":8},"end":{"line":244,"column":31}}},"branchMap":{"1":{"line":62,"type":"if","locations":[{"start":{"line":62,"column":15},"end":{"line":62,"column":15}},{"start":{"line":62,"column":15},"end":{"line":62,"column":15}}]},"2":{"line":63,"type":"if","locations":[{"start":{"line":63,"column":8},"end":{"line":63,"column":8}},{"start":{"line":63,"column":8},"end":{"line":63,"column":8}}]},"3":{"line":66,"type":"if","locations":[{"start":{"line":66,"column":8},"end":{"line":66,"column":8}},{"start":{"line":66,"column":8},"end":{"line":66,"column":8}}]},"4":{"line":82,"type":"if","locations":[{"start":{"line":82,"column":8},"end":{"line":82,"column":8}},{"start":{"line":82,"column":8},"end":{"line":82,"column":8}}]},"5":{"line":84,"type":"if","locations":[{"start":{"line":84,"column":8},"end":{"line":84,"column":8}},{"start":{"line":84,"column":8},"end":{"line":84,"column":8}}]},"6":{"line":96,"type":"if","locations":[{"start":{"line":96,"column":8},"end":{"line":96,"column":8}},{"start":{"line":96,"column":8},"end":{"line":96,"column":8}}]},"7":{"line":98,"type":"if","locations":[{"start":{"line":98,"column":8},"end":{"line":98,"column":8}},{"start":{"line":98,"column":8},"end":{"line":98,"column":8}}]},"8":{"line":117,"type":"if","locations":[{"start":{"line":117,"column":8},"end":{"line":117,"column":8}},{"start":{"line":117,"column":8},"end":{"line":117,"column":8}}]},"9":{"line":124,"type":"if","locations":[{"start":{"line":124,"column":8},"end":{"line":124,"column":8}},{"start":{"line":124,"column":8},"end":{"line":124,"column":8}}]},"10":{"line":126,"type":"if","locations":[{"start":{"line":126,"column":15},"end":{"line":126,"column":15}},{"start":{"line":126,"column":15},"end":{"line":126,"column":15}}]},"11":{"line":143,"type":"if","locations":[{"start":{"line":143,"column":8},"end":{"line":143,"column":8}},{"start":{"line":143,"column":8},"end":{"line":143,"column":8}}]},"12":{"line":176,"type":"if","locations":[{"start":{"line":176,"column":8},"end":{"line":176,"column":8}},{"start":{"line":176,"column":8},"end":{"line":176,"column":8}}]},"13":{"line":177,"type":"if","locations":[{"start":{"line":177,"column":8},"end":{"line":177,"column":8}},{"start":{"line":177,"column":8},"end":{"line":177,"column":8}}]},"14":{"line":180,"type":"if","locations":[{"start":{"line":180,"column":8},"end":{"line":180,"column":8}},{"start":{"line":180,"column":8},"end":{"line":180,"column":8}}]},"15":{"line":188,"type":"if","locations":[{"start":{"line":188,"column":8},"end":{"line":188,"column":8}},{"start":{"line":188,"column":8},"end":{"line":188,"column":8}}]},"16":{"line":190,"type":"if","locations":[{"start":{"line":190,"column":12},"end":{"line":190,"column":12}},{"start":{"line":190,"column":12},"end":{"line":190,"column":12}}]},"17":{"line":192,"type":"if","locations":[{"start":{"line":192,"column":8},"end":{"line":192,"column":8}},{"start":{"line":192,"column":8},"end":{"line":192,"column":8}}]},"18":{"line":194,"type":"if","locations":[{"start":{"line":194,"column":12},"end":{"line":194,"column":12}},{"start":{"line":194,"column":12},"end":{"line":194,"column":12}}]},"19":{"line":211,"type":"if","locations":[{"start":{"line":211,"column":8},"end":{"line":211,"column":8}},{"start":{"line":211,"column":8},"end":{"line":211,"column":8}}]},"20":{"line":216,"type":"if","locations":[{"start":{"line":216,"column":12},"end":{"line":216,"column":12}},{"start":{"line":216,"column":12},"end":{"line":216,"column":12}}]},"21":{"line":222,"type":"if","locations":[{"start":{"line":222,"column":8},"end":{"line":222,"column":8}},{"start":{"line":222,"column":8},"end":{"line":222,"column":8}}]},"22":{"line":223,"type":"if","locations":[{"start":{"line":223,"column":8},"end":{"line":223,"column":8}},{"start":{"line":223,"column":8},"end":{"line":223,"column":8}}]},"23":{"line":236,"type":"if","locations":[{"start":{"line":236,"column":12},"end":{"line":236,"column":12}},{"start":{"line":236,"column":12},"end":{"line":236,"column":12}}]},"24":{"line":240,"type":"if","locations":[{"start":{"line":240,"column":12},"end":{"line":240,"column":12}},{"start":{"line":240,"column":12},"end":{"line":240,"column":12}}]}}},
"contracts/IterateMapping.sol":{"l":{"21":68,"22":68,"23":68,"25":62,"26":62,"27":62,"32":6,"33":6,"34":5,"35":5,"36":4,"37":4,"39":5,"40":5,"41":5,"49":41},"path":"/Users/coredev0927/WorkSpace/Blockchain/Evm/Altava/staking-contract/contracts/IterateMapping.sol","s":{"1":68,"2":68,"3":6,"4":62,"5":62,"6":6,"7":6,"8":1,"9":5,"10":5,"11":5,"12":41},"b":{"1":[6,62],"2":[1,5],"3":[4,1]},"f":{"1":68,"2":6,"3":41},"fnMap":{"1":{"name":"insert","line":16,"loc":{"start":{"line":16,"column":4},"end":{"line":29,"column":4}}},"2":{"name":"remove","line":31,"loc":{"start":{"line":31,"column":4},"end":{"line":42,"column":4}}},"3":{"name":"contains","line":44,"loc":{"start":{"line":44,"column":4},"end":{"line":50,"column":4}}}},"statementMap":{"1":{"start":{"line":21,"column":8},"end":{"line":21,"column":43}},"2":{"start":{"line":23,"column":8},"end":{"line":23,"column":504}},"3":{"start":{"line":23,"column":26},"end":{"line":23,"column":32}},"4":{"start":{"line":26,"column":12},"end":{"line":26,"column":30}},"5":{"start":{"line":27,"column":12},"end":{"line":27,"column":18}},"6":{"start":{"line":32,"column":8},"end":{"line":32,"column":40}},"7":{"start":{"line":33,"column":8},"end":{"line":33,"column":30}},"8":{"start":{"line":33,"column":24},"end":{"line":33,"column":30}},"9":{"start":{"line":34,"column":8},"end":{"line":34,"column":57}},"10":{"start":{"line":35,"column":8},"end":{"line":35,"column":873}},"11":{"start":{"line":41,"column":8},"end":{"line":41,"column":22}},"12":{"start":{"line":49,"column":8},"end":{"line":49,"column":35}}},"branchMap":{"1":{"line":23,"type":"if","locations":[{"start":{"line":23,"column":8},"end":{"line":23,"column":8}},{"start":{"line":23,"column":8},"end":{"line":23,"column":8}}]},"2":{"line":33,"type":"if","locations":[{"start":{"line":33,"column":8},"end":{"line":33,"column":8}},{"start":{"line":33,"column":8},"end":{"line":33,"column":8}}]},"3":{"line":35,"type":"if","locations":[{"start":{"line":35,"column":8},"end":{"line":35,"column":8}},{"start":{"line":35,"column":8},"end":{"line":35,"column":8}}]}}},
"contracts/MasterChef.sol":{"l":{"33":19,"34":17,"40":15,"52":1,"80":7,"82":6,"83":4,"85":2,"87":2,"90":4,"92":4,"96":4,"98":4,"100":4,"109":4,"123":4,"124":4,"125":4,"128":4,"141":62,"144":62,"145":49,"147":62},"path":"/Users/coredev0927/WorkSpace/Blockchain/Evm/Altava/staking-contract/contracts/MasterChef.sol","s":{"1":19,"2":7,"3":6,"4":4,"5":2,"6":2,"7":4,"8":4,"9":4,"10":4,"11":4,"12":62,"13":62,"14":62},"b":{"1":[17,2],"2":[2,1],"3":[1,1],"4":[7,1],"5":[6,1],"6":[4,2],"7":[3,1],"8":[1,1]},"f":{"1":19,"2":15,"3":1,"4":7,"5":62},"fnMap":{"1":{"name":"_realAddress","line":32,"loc":{"start":{"line":32,"column":4},"end":{"line":35,"column":4}}},"2":{"name":"constructor","line":39,"loc":{"start":{"line":39,"column":4},"end":{"line":41,"column":4}}},"3":{"name":"setNFTStaking","line":50,"loc":{"start":{"line":47,"column":4},"end":{"line":53,"column":4}}},"4":{"name":"deploy","line":79,"loc":{"start":{"line":69,"column":4},"end":{"line":135,"column":4}}},"5":{"name":"getAllChefAddress","line":140,"loc":{"start":{"line":140,"column":4},"end":{"line":148,"column":4}}}},"statementMap":{"1":{"start":{"line":33,"column":8},"end":{"line":33,"column":62}},"2":{"start":{"line":80,"column":8},"end":{"line":80,"column":64}},"3":{"start":{"line":82,"column":8},"end":{"line":82,"column":2780}},"4":{"start":{"line":83,"column":12},"end":{"line":83,"column":68}},"5":{"start":{"line":85,"column":12},"end":{"line":85,"column":59}},"6":{"start":{"line":87,"column":12},"end":{"line":87,"column":74}},"7":{"start":{"line":90,"column":8},"end":{"line":90,"column":60}},"8":{"start":{"line":96,"column":8},"end":{"line":96,"column":52}},"9":{"start":{"line":98,"column":8},"end":{"line":98,"column":32}},"10":{"start":{"line":109,"column":8},"end":{"line":109,"column":3596}},"11":{"start":{"line":128,"column":8},"end":{"line":128,"column":4116}},"12":{"start":{"line":141,"column":8},"end":{"line":141,"column":67}},"13":{"start":{"line":144,"column":8},"end":{"line":144,"column":4555}},"14":{"start":{"line":147,"column":8},"end":{"line":147,"column":29}}},"branchMap":{"1":{"line":33,"type":"if","locations":[{"start":{"line":33,"column":8},"end":{"line":33,"column":8}},{"start":{"line":33,"column":8},"end":{"line":33,"column":8}}]},"2":{"line":49,"type":"if","locations":[{"start":{"line":49,"column":8},"end":{"line":49,"column":8}},{"start":{"line":49,"column":8},"end":{"line":49,"column":8}}]},"3":{"line":50,"type":"if","locations":[{"start":{"line":50,"column":8},"end":{"line":50,"column":8}},{"start":{"line":50,"column":8},"end":{"line":50,"column":8}}]},"4":{"line":79,"type":"if","locations":[{"start":{"line":79,"column":15},"end":{"line":79,"column":15}},{"start":{"line":79,"column":15},"end":{"line":79,"column":15}}]},"5":{"line":80,"type":"if","locations":[{"start":{"line":80,"column":8},"end":{"line":80,"column":8}},{"start":{"line":80,"column":8},"end":{"line":80,"column":8}}]},"6":{"line":82,"type":"if","locations":[{"start":{"line":82,"column":8},"end":{"line":82,"column":8}},{"start":{"line":82,"column":8},"end":{"line":82,"column":8}}]},"7":{"line":83,"type":"if","locations":[{"start":{"line":83,"column":12},"end":{"line":83,"column":12}},{"start":{"line":83,"column":12},"end":{"line":83,"column":12}}]},"8":{"line":87,"type":"if","locations":[{"start":{"line":87,"column":12},"end":{"line":87,"column":12}},{"start":{"line":87,"column":12},"end":{"line":87,"column":12}}]}}},
"contracts/NFTChef.sol":{"l":{"126":2,"144":3,"145":2,"148":2,"150":2,"151":2,"152":2,"155":2,"156":2,"157":6,"159":2,"163":2,"170":2,"178":16,"179":3,"180":3,"181":3,"183":13,"184":12,"185":11,"186":10,"187":9,"188":8,"189":8,"191":8,"192":5,"196":4,"197":3,"203":2,"223":32,"224":31,"225":30,"231":1,"234":31,"251":15,"253":15,"254":15,"256":14,"257":14,"260":14,"262":14,"263":14,"266":14,"269":12,"270":12,"276":12,"281":12,"284":12,"286":12,"288":12,"289":12,"292":12,"295":12,"297":12,"300":12,"305":12,"312":12,"318":12,"319":10,"322":12,"325":12,"326":12,"327":12,"328":12,"330":12,"350":8,"351":8,"353":7,"356":7,"358":7,"360":7,"361":6,"364":5,"365":5,"367":5,"371":5,"374":5,"376":5,"378":2,"379":2,"381":2,"385":2,"386":1,"387":1,"394":5,"398":5,"400":5,"403":5,"406":5,"408":5,"427":2,"428":2,"436":3,"437":3,"439":3,"440":3,"442":3,"446":3,"449":2,"450":2,"451":2,"452":2,"453":2,"454":1,"455":1,"457":1,"468":1,"480":2,"481":2,"489":1,"490":1,"501":12,"510":35,"511":6,"513":29},"path":"/Users/coredev0927/WorkSpace/Blockchain/Evm/Altava/staking-contract/contracts/NFTChef.sol","s":{"1":3,"2":2,"3":2,"4":2,"5":2,"6":1,"7":1,"8":16,"9":3,"10":13,"11":12,"12":11,"13":10,"14":9,"15":8,"16":8,"17":5,"18":4,"19":3,"20":3,"21":2,"22":32,"23":31,"24":31,"25":15,"26":15,"27":15,"28":14,"29":14,"30":14,"31":14,"32":14,"33":14,"34":12,"35":12,"36":12,"37":12,"38":12,"39":12,"40":12,"41":12,"42":12,"43":12,"44":12,"45":12,"46":12,"47":12,"48":12,"49":12,"50":8,"51":8,"52":7,"53":7,"54":7,"55":7,"56":6,"57":5,"58":5,"59":5,"60":5,"61":5,"62":5,"63":2,"64":2,"65":2,"66":2,"67":1,"68":1,"69":5,"70":5,"71":5,"72":5,"73":2,"74":2,"75":3,"76":3,"77":3,"78":3,"79":3,"80":3,"81":1,"82":2,"83":2,"84":2,"85":2,"86":2,"87":1,"88":1,"89":1,"90":1,"91":2,"92":2,"93":1,"94":1,"95":12,"96":35,"97":6,"98":29},"b":{"1":[2,1],"2":[2,0],"3":[2,1],"4":[1,1],"5":[16,1],"6":[3,13],"7":[12,1],"8":[11,1],"9":[10,1],"10":[9,1],"11":[8,1],"12":[1,7],"13":[5,3],"14":[4,1],"15":[3,1],"16":[1,2],"17":[2,1],"18":[1,1],"19":[32,1],"20":[31,1],"21":[30,1],"22":[16,0],"23":[15,1],"24":[14,1],"25":[14,0],"26":[14,0],"27":[12,2],"28":[12,0],"29":[12,0],"30":[2,10],"31":[12,0],"32":[12,0],"33":[12,0],"34":[10,2],"35":[8,0],"36":[7,1],"37":[6,1],"38":[5,1],"39":[5,0],"40":[2,3],"41":[1,1],"42":[1,0],"43":[5,0],"44":[5,0],"45":[1,2],"46":[1,1],"47":[6,29]},"f":{"1":2,"2":3,"3":2,"4":16,"5":32,"6":15,"7":8,"8":2,"9":3,"10":1,"11":2,"12":1,"13":12,"14":35},"fnMap":{"1":{"name":"constructor","line":125,"loc":{"start":{"line":125,"column":4},"end":{"line":127,"column":4}}},"2":{"name":"initialize","line":137,"loc":{"start":{"line":137,"column":4},"end":{"line":164,"column":4}}},"3":{"name":"setPause","line":169,"loc":{"start":{"line":169,"column":4},"end":{"line":172,"column":4}}},"4":{"name":"setBoosterValue","line":177,"loc":{"start":{"line":177,"column":4},"end":{"line":208,"column":4}}},"5":{"name":"setRequiredLockAmount","line":222,"loc":{"start":{"line":217,"column":4},"end":{"line":242,"column":4}}},"6":{"name":"stake","line":250,"loc":{"start":{"line":250,"column":4},"end":{"line":341,"column":4}}},"7":{"name":"unstake","line":349,"loc":{"start":{"line":349,"column":4},"end":{"line":417,"column":4}}},"8":{"name":"getStakerBoosterValue","line":422,"loc":{"start":{"line":422,"column":4},"end":{"line":429,"column":4}}},"9":{"name":"getPanaltyAmount","line":434,"loc":{"start":{"line":434,"column":4},"end":{"line":458,"column":4}}},"10":{"name":"getStakerInfo","line":463,"loc":{"start":{"line":463,"column":4},"end":{"line":469,"column":4}}},"11":{"name":"getCurrentStakerInfo","line":474,"loc":{"start":{"line":474,"column":4},"end":{"line":482,"column":4}}},"12":{"name":"getUserStakeIndex","line":487,"loc":{"start":{"line":487,"column":4},"end":{"line":491,"column":4}}},"13":{"name":"getConfig","line":496,"loc":{"start":{"line":496,"column":4},"end":{"line":502,"column":4}}},"14":{"name":"getBoosterValue","line":509,"loc":{"start":{"line":509,"column":4},"end":{"line":515,"column":4}}}},"statementMap":{"1":{"start":{"line":144,"column":8},"end":{"line":144,"column":53}},"2":{"start":{"line":145,"column":8},"end":{"line":145,"column":65}},"3":{"start":{"line":156,"column":8},"end":{"line":156,"column":5066}},"4":{"start":{"line":163,"column":8},"end":{"line":163,"column":35}},"5":{"start":{"line":170,"column":8},"end":{"line":170,"column":5479}},"6":{"start":{"line":170,"column":23},"end":{"line":170,"column":30}},"7":{"start":{"line":171,"column":13},"end":{"line":171,"column":22}},"8":{"start":{"line":178,"column":8},"end":{"line":178,"column":5662}},"9":{"start":{"line":181,"column":12},"end":{"line":181,"column":18}},"10":{"start":{"line":183,"column":8},"end":{"line":183,"column":55}},"11":{"start":{"line":184,"column":8},"end":{"line":184,"column":51}},"12":{"start":{"line":185,"column":8},"end":{"line":185,"column":61}},"13":{"start":{"line":186,"column":8},"end":{"line":186,"column":58}},"14":{"start":{"line":187,"column":8},"end":{"line":187,"column":56}},"15":{"start":{"line":189,"column":8},"end":{"line":189,"column":68}},"16":{"start":{"line":191,"column":8},"end":{"line":191,"column":6240}},"17":{"start":{"line":192,"column":12},"end":{"line":192,"column":6294}},"18":{"start":{"line":196,"column":12},"end":{"line":196,"column":6425}},"19":{"start":{"line":197,"column":16},"end":{"line":197,"column":6471}},"20":{"start":{"line":202,"column":15},"end":{"line":202,"column":6623}},"21":{"start":{"line":203,"column":12},"end":{"line":203,"column":6675}},"22":{"start":{"line":223,"column":8},"end":{"line":223,"column":68}},"23":{"start":{"line":224,"column":8},"end":{"line":224,"column":7379}},"24":{"start":{"line":234,"column":8},"end":{"line":234,"column":7639}},"25":{"start":{"line":251,"column":8},"end":{"line":251,"column":36}},"26":{"start":{"line":253,"column":8},"end":{"line":253,"column":63}},"27":{"start":{"line":254,"column":8},"end":{"line":254,"column":64}},"28":{"start":{"line":256,"column":8},"end":{"line":256,"column":63}},"29":{"start":{"line":257,"column":8},"end":{"line":257,"column":63}},"30":{"start":{"line":260,"column":8},"end":{"line":260,"column":46}},"31":{"start":{"line":262,"column":8},"end":{"line":262,"column":65}},"32":{"start":{"line":263,"column":8},"end":{"line":263,"column":55}},"33":{"start":{"line":266,"column":8},"end":{"line":266,"column":77}},"34":{"start":{"line":269,"column":8},"end":{"line":269,"column":62}},"35":{"start":{"line":270,"column":8},"end":{"line":270,"column":9001}},"36":{"start":{"line":276,"column":8},"end":{"line":276,"column":9201}},"37":{"start":{"line":281,"column":8},"end":{"line":281,"column":74}},"38":{"start":{"line":284,"column":8},"end":{"line":284,"column":66}},"39":{"start":{"line":286,"column":8},"end":{"line":286,"column":58}},"40":{"start":{"line":288,"column":8},"end":{"line":288,"column":79}},"41":{"start":{"line":289,"column":8},"end":{"line":289,"column":66}},"42":{"start":{"line":292,"column":8},"end":{"line":292,"column":55}},"43":{"start":{"line":295,"column":8},"end":{"line":295,"column":10050}},"44":{"start":{"line":297,"column":12},"end":{"line":297,"column":69}},"45":{"start":{"line":300,"column":12},"end":{"line":300,"column":10338}},"46":{"start":{"line":305,"column":12},"end":{"line":305,"column":10539}},"47":{"start":{"line":318,"column":8},"end":{"line":318,"column":10937}},"48":{"start":{"line":322,"column":8},"end":{"line":322,"column":60}},"49":{"start":{"line":330,"column":8},"end":{"line":330,"column":11337}},"50":{"start":{"line":350,"column":8},"end":{"line":350,"column":62}},"51":{"start":{"line":351,"column":8},"end":{"line":351,"column":64}},"52":{"start":{"line":353,"column":8},"end":{"line":353,"column":36}},"53":{"start":{"line":356,"column":8},"end":{"line":356,"column":46}},"54":{"start":{"line":358,"column":8},"end":{"line":358,"column":65}},"55":{"start":{"line":360,"column":8},"end":{"line":360,"column":69}},"56":{"start":{"line":361,"column":8},"end":{"line":361,"column":76}},"57":{"start":{"line":364,"column":8},"end":{"line":364,"column":74}},"58":{"start":{"line":365,"column":8},"end":{"line":365,"column":63}},"59":{"start":{"line":367,"column":8},"end":{"line":367,"column":12741}},"60":{"start":{"line":371,"column":8},"end":{"line":371,"column":72}},"61":{"start":{"line":374,"column":8},"end":{"line":374,"column":53}},"62":{"start":{"line":376,"column":8},"end":{"line":376,"column":13022}},"63":{"start":{"line":378,"column":12},"end":{"line":378,"column":62}},"64":{"start":{"line":379,"column":12},"end":{"line":379,"column":13198}},"65":{"start":{"line":381,"column":12},"end":{"line":381,"column":70}},"66":{"start":{"line":385,"column":12},"end":{"line":385,"column":13501}},"67":{"start":{"line":386,"column":16},"end":{"line":386,"column":74}},"68":{"start":{"line":387,"column":16},"end":{"line":387,"column":13638}},"69":{"start":{"line":394,"column":8},"end":{"line":394,"column":13806}},"70":{"start":{"line":398,"column":8},"end":{"line":398,"column":55}},"71":{"start":{"line":406,"column":8},"end":{"line":406,"column":57}},"72":{"start":{"line":408,"column":8},"end":{"line":408,"column":14240}},"73":{"start":{"line":427,"column":8},"end":{"line":427,"column":79}},"74":{"start":{"line":428,"column":8},"end":{"line":428,"column":38}},"75":{"start":{"line":436,"column":8},"end":{"line":436,"column":45}},"76":{"start":{"line":437,"column":8},"end":{"line":437,"column":63}},"77":{"start":{"line":439,"column":8},"end":{"line":439,"column":74}},"78":{"start":{"line":440,"column":8},"end":{"line":440,"column":63}},"79":{"start":{"line":442,"column":8},"end":{"line":442,"column":15282}},"80":{"start":{"line":446,"column":8},"end":{"line":446,"column":61}},"81":{"start":{"line":446,"column":53},"end":{"line":446,"column":61}},"82":{"start":{"line":449,"column":8},"end":{"line":449,"column":58}},"83":{"start":{"line":450,"column":8},"end":{"line":450,"column":79}},"84":{"start":{"line":451,"column":8},"end":{"line":451,"column":66}},"85":{"start":{"line":452,"column":8},"end":{"line":452,"column":53}},"86":{"start":{"line":453,"column":8},"end":{"line":453,"column":15759}},"87":{"start":{"line":454,"column":12},"end":{"line":454,"column":70}},"88":{"start":{"line":455,"column":12},"end":{"line":455,"column":33}},"89":{"start":{"line":457,"column":8},"end":{"line":457,"column":16}},"90":{"start":{"line":468,"column":8},"end":{"line":468,"column":49}},"91":{"start":{"line":480,"column":8},"end":{"line":480,"column":45}},"92":{"start":{"line":481,"column":8},"end":{"line":481,"column":40}},"93":{"start":{"line":489,"column":8},"end":{"line":489,"column":45}},"94":{"start":{"line":490,"column":8},"end":{"line":490,"column":18}},"95":{"start":{"line":501,"column":8},"end":{"line":501,"column":34}},"96":{"start":{"line":510,"column":8},"end":{"line":510,"column":17170}},"97":{"start":{"line":511,"column":12},"end":{"line":511,"column":42}},"98":{"start":{"line":513,"column":12},"end":{"line":513,"column":36}}},"branchMap":{"1":{"line":144,"type":"if","locations":[{"start":{"line":144,"column":8},"end":{"line":144,"column":8}},{"start":{"line":144,"column":8},"end":{"line":144,"column":8}}]},"2":{"line":145,"type":"if","locations":[{"start":{"line":145,"column":8},"end":{"line":145,"column":8}},{"start":{"line":145,"column":8},"end":{"line":145,"column":8}}]},"3":{"line":169,"type":"if","locations":[{"start":{"line":169,"column":47},"end":{"line":169,"column":47}},{"start":{"line":169,"column":47},"end":{"line":169,"column":47}}]},"4":{"line":170,"type":"if","locations":[{"start":{"line":170,"column":8},"end":{"line":170,"column":8}},{"start":{"line":170,"column":8},"end":{"line":170,"column":8}}]},"5":{"line":177,"type":"if","locations":[{"start":{"line":177,"column":66},"end":{"line":177,"column":66}},{"start":{"line":177,"column":66},"end":{"line":177,"column":66}}]},"6":{"line":178,"type":"if","locations":[{"start":{"line":178,"column":8},"end":{"line":178,"column":8}},{"start":{"line":178,"column":8},"end":{"line":178,"column":8}}]},"7":{"line":183,"type":"if","locations":[{"start":{"line":183,"column":8},"end":{"line":183,"column":8}},{"start":{"line":183,"column":8},"end":{"line":183,"column":8}}]},"8":{"line":184,"type":"if","locations":[{"start":{"line":184,"column":8},"end":{"line":184,"column":8}},{"start":{"line":184,"column":8},"end":{"line":184,"column":8}}]},"9":{"line":185,"type":"if","locations":[{"start":{"line":185,"column":8},"end":{"line":185,"column":8}},{"start":{"line":185,"column":8},"end":{"line":185,"column":8}}]},"10":{"line":186,"type":"if","locations":[{"start":{"line":186,"column":8},"end":{"line":186,"column":8}},{"start":{"line":186,"column":8},"end":{"line":186,"column":8}}]},"11":{"line":187,"type":"if","locations":[{"start":{"line":187,"column":8},"end":{"line":187,"column":8}},{"start":{"line":187,"column":8},"end":{"line":187,"column":8}}]},"12":{"line":189,"type":"if","locations":[{"start":{"line":189,"column":8},"end":{"line":189,"column":8}},{"start":{"line":189,"column":8},"end":{"line":189,"column":8}}]},"13":{"line":191,"type":"if","locations":[{"start":{"line":191,"column":8},"end":{"line":191,"column":8}},{"start":{"line":191,"column":8},"end":{"line":191,"column":8}}]},"14":{"line":192,"type":"if","locations":[{"start":{"line":192,"column":12},"end":{"line":192,"column":12}},{"start":{"line":192,"column":12},"end":{"line":192,"column":12}}]},"15":{"line":196,"type":"if","locations":[{"start":{"line":196,"column":12},"end":{"line":196,"column":12}},{"start":{"line":196,"column":12},"end":{"line":196,"column":12}}]},"16":{"line":197,"type":"if","locations":[{"start":{"line":197,"column":16},"end":{"line":197,"column":16}},{"start":{"line":197,"column":16},"end":{"line":197,"column":16}}]},"17":{"line":202,"type":"if","locations":[{"start":{"line":202,"column":15},"end":{"line":202,"column":15}},{"start":{"line":202,"column":15},"end":{"line":202,"column":15}}]},"18":{"line":203,"type":"if","locations":[{"start":{"line":203,"column":12},"end":{"line":203,"column":12}},{"start":{"line":203,"column":12},"end":{"line":203,"column":12}}]},"19":{"line":222,"type":"if","locations":[{"start":{"line":222,"column":15},"end":{"line":222,"column":15}},{"start":{"line":222,"column":15},"end":{"line":222,"column":15}}]},"20":{"line":223,"type":"if","locations":[{"start":{"line":223,"column":8},"end":{"line":223,"column":8}},{"start":{"line":223,"column":8},"end":{"line":223,"column":8}}]},"21":{"line":224,"type":"if","locations":[{"start":{"line":224,"column":8},"end":{"line":224,"column":8}},{"start":{"line":224,"column":8},"end":{"line":224,"column":8}}]},"22":{"line":250,"type":"if","locations":[{"start":{"line":250,"column":49},"end":{"line":250,"column":49}},{"start":{"line":250,"column":49},"end":{"line":250,"column":49}}]},"23":{"line":250,"type":"if","locations":[{"start":{"line":250,"column":62},"end":{"line":250,"column":62}},{"start":{"line":250,"column":62},"end":{"line":250,"column":62}}]},"24":{"line":254,"type":"if","locations":[{"start":{"line":254,"column":8},"end":{"line":254,"column":8}},{"start":{"line":254,"column":8},"end":{"line":254,"column":8}}]},"25":{"line":257,"type":"if","locations":[{"start":{"line":257,"column":8},"end":{"line":257,"column":8}},{"start":{"line":257,"column":8},"end":{"line":257,"column":8}}]},"26":{"line":263,"type":"if","locations":[{"start":{"line":263,"column":8},"end":{"line":263,"column":8}},{"start":{"line":263,"column":8},"end":{"line":263,"column":8}}]},"27":{"line":266,"type":"if","locations":[{"start":{"line":266,"column":8},"end":{"line":266,"column":8}},{"start":{"line":266,"column":8},"end":{"line":266,"column":8}}]},"28":{"line":270,"type":"if","locations":[{"start":{"line":270,"column":8},"end":{"line":270,"column":8}},{"start":{"line":270,"column":8},"end":{"line":270,"column":8}}]},"29":{"line":276,"type":"if","locations":[{"start":{"line":276,"column":8},"end":{"line":276,"column":8}},{"start":{"line":276,"column":8},"end":{"line":276,"column":8}}]},"30":{"line":277,"type":"cond-expr","locations":[{"start":{"line":277,"column":12},"end":{"line":277,"column":48}},{"start":{"line":278,"column":16},"end":{"line":278,"column":42}}]},"31":{"line":281,"type":"if","locations":[{"start":{"line":281,"column":8},"end":{"line":281,"column":8}},{"start":{"line":281,"column":8},"end":{"line":281,"column":8}}]},"32":{"line":295,"type":"if","locations":[{"start":{"line":295,"column":8},"end":{"line":295,"column":8}},{"start":{"line":295,"column":8},"end":{"line":295,"column":8}}]},"33":{"line":300,"type":"if","locations":[{"start":{"line":300,"column":12},"end":{"line":300,"column":12}},{"start":{"line":300,"column":12},"end":{"line":300,"column":12}}]},"34":{"line":318,"type":"if","locations":[{"start":{"line":318,"column":8},"end":{"line":318,"column":8}},{"start":{"line":318,"column":8},"end":{"line":318,"column":8}}]},"35":{"line":349,"type":"if","locations":[{"start":{"line":349,"column":66},"end":{"line":349,"column":66}},{"start":{"line":349,"column":66},"end":{"line":349,"column":66}}]},"36":{"line":351,"type":"if","locations":[{"start":{"line":351,"column":8},"end":{"line":351,"column":8}},{"start":{"line":351,"column":8},"end":{"line":351,"column":8}}]},"37":{"line":360,"type":"if","locations":[{"start":{"line":360,"column":8},"end":{"line":360,"column":8}},{"start":{"line":360,"column":8},"end":{"line":360,"column":8}}]},"38":{"line":361,"type":"if","locations":[{"start":{"line":361,"column":8},"end":{"line":361,"column":8}},{"start":{"line":361,"column":8},"end":{"line":361,"column":8}}]},"39":{"line":371,"type":"if","locations":[{"start":{"line":371,"column":8},"end":{"line":371,"column":8}},{"start":{"line":371,"column":8},"end":{"line":371,"column":8}}]},"40":{"line":376,"type":"if","locations":[{"start":{"line":376,"column":8},"end":{"line":376,"column":8}},{"start":{"line":376,"column":8},"end":{"line":376,"column":8}}]},"41":{"line":385,"type":"if","locations":[{"start":{"line":385,"column":12},"end":{"line":385,"column":12}},{"start":{"line":385,"column":12},"end":{"line":385,"column":12}}]},"42":{"line":387,"type":"if","locations":[{"start":{"line":387,"column":16},"end":{"line":387,"column":16}},{"start":{"line":387,"column":16},"end":{"line":387,"column":16}}]},"43":{"line":394,"type":"if","locations":[{"start":{"line":394,"column":8},"end":{"line":394,"column":8}},{"start":{"line":394,"column":8},"end":{"line":394,"column":8}}]},"44":{"line":398,"type":"if","locations":[{"start":{"line":398,"column":8},"end":{"line":398,"column":8}},{"start":{"line":398,"column":8},"end":{"line":398,"column":8}}]},"45":{"line":446,"type":"if","locations":[{"start":{"line":446,"column":8},"end":{"line":446,"column":8}},{"start":{"line":446,"column":8},"end":{"line":446,"column":8}}]},"46":{"line":453,"type":"if","locations":[{"start":{"line":453,"column":8},"end":{"line":453,"column":8}},{"start":{"line":453,"column":8},"end":{"line":453,"column":8}}]},"47":{"line":510,"type":"if","locations":[{"start":{"line":510,"column":8},"end":{"line":510,"column":8}},{"start":{"line":510,"column":8},"end":{"line":510,"column":8}}]}}},
"contracts/NFTMasterChef.sol":{"l":{"34":35,"35":34,"45":16,"46":15,"47":15,"59":1,"75":6,"77":6,"78":5,"79":15,"80":14,"81":9,"88":3,"90":3,"92":3,"95":3,"97":3,"106":3,"115":2,"116":2,"117":2,"120":2,"132":2,"133":1,"145":19,"148":19,"149":34,"151":19},"path":"/Users/coredev0927/WorkSpace/Blockchain/Evm/Altava/staking-contract/contracts/NFTMasterChef.sol","s":{"1":35,"2":16,"3":6,"4":6,"5":5,"6":15,"7":14,"8":9,"9":3,"10":3,"11":3,"12":3,"13":2,"14":2,"15":1,"16":19,"17":19,"18":19},"b":{"1":[34,1],"2":[15,1],"3":[2,1],"4":[1,1],"5":[6,1],"6":[5,1],"7":[14,1],"8":[9,5],"9":[8,1],"10":[1,1]},"f":{"1":35,"2":16,"3":1,"4":6,"5":2,"6":19},"fnMap":{"1":{"name":"_realAddress","line":33,"loc":{"start":{"line":33,"column":4},"end":{"line":36,"column":4}}},"2":{"name":"constructor","line":43,"loc":{"start":{"line":41,"column":4},"end":{"line":48,"column":4}}},"3":{"name":"setNFTStaking","line":57,"loc":{"start":{"line":54,"column":4},"end":{"line":60,"column":4}}},"4":{"name":"deploy","line":74,"loc":{"start":{"line":70,"column":4},"end":{"line":121,"column":4}}},"5":{"name":"getChefAddress","line":126,"loc":{"start":{"line":126,"column":4},"end":{"line":134,"column":4}}},"6":{"name":"getAllChefAddress","line":139,"loc":{"start":{"line":139,"column":4},"end":{"line":152,"column":4}}}},"statementMap":{"1":{"start":{"line":34,"column":8},"end":{"line":34,"column":60}},"2":{"start":{"line":45,"column":8},"end":{"line":45,"column":72}},"3":{"start":{"line":75,"column":8},"end":{"line":75,"column":61}},"4":{"start":{"line":77,"column":8},"end":{"line":77,"column":73}},"5":{"start":{"line":78,"column":8},"end":{"line":78,"column":2312}},"6":{"start":{"line":79,"column":12},"end":{"line":79,"column":68}},"7":{"start":{"line":80,"column":12},"end":{"line":80,"column":2447}},"8":{"start":{"line":81,"column":16},"end":{"line":81,"column":2480}},"9":{"start":{"line":88,"column":8},"end":{"line":88,"column":58}},"10":{"start":{"line":92,"column":8},"end":{"line":92,"column":2835}},"11":{"start":{"line":95,"column":8},"end":{"line":95,"column":30}},"12":{"start":{"line":106,"column":8},"end":{"line":106,"column":3169}},"13":{"start":{"line":120,"column":8},"end":{"line":120,"column":64}},"14":{"start":{"line":132,"column":8},"end":{"line":132,"column":61}},"15":{"start":{"line":133,"column":8},"end":{"line":133,"column":31}},"16":{"start":{"line":145,"column":8},"end":{"line":145,"column":67}},"17":{"start":{"line":148,"column":8},"end":{"line":148,"column":4185}},"18":{"start":{"line":151,"column":8},"end":{"line":151,"column":29}}},"branchMap":{"1":{"line":34,"type":"if","locations":[{"start":{"line":34,"column":8},"end":{"line":34,"column":8}},{"start":{"line":34,"column":8},"end":{"line":34,"column":8}}]},"2":{"line":45,"type":"if","locations":[{"start":{"line":45,"column":8},"end":{"line":45,"column":8}},{"start":{"line":45,"column":8},"end":{"line":45,"column":8}}]},"3":{"line":56,"type":"if","locations":[{"start":{"line":56,"column":8},"end":{"line":56,"column":8}},{"start":{"line":56,"column":8},"end":{"line":56,"column":8}}]},"4":{"line":57,"type":"if","locations":[{"start":{"line":57,"column":8},"end":{"line":57,"column":8}},{"start":{"line":57,"column":8},"end":{"line":57,"column":8}}]},"5":{"line":74,"type":"if","locations":[{"start":{"line":74,"column":15},"end":{"line":74,"column":15}},{"start":{"line":74,"column":15},"end":{"line":74,"column":15}}]},"6":{"line":77,"type":"if","locations":[{"start":{"line":77,"column":8},"end":{"line":77,"column":8}},{"start":{"line":77,"column":8},"end":{"line":77,"column":8}}]},"7":{"line":79,"type":"if","locations":[{"start":{"line":79,"column":12},"end":{"line":79,"column":12}},{"start":{"line":79,"column":12},"end":{"line":79,"column":12}}]},"8":{"line":80,"type":"if","locations":[{"start":{"line":80,"column":12},"end":{"line":80,"column":12}},{"start":{"line":80,"column":12},"end":{"line":80,"column":12}}]},"9":{"line":81,"type":"if","locations":[{"start":{"line":81,"column":16},"end":{"line":81,"column":16}},{"start":{"line":81,"column":16},"end":{"line":81,"column":16}}]},"10":{"line":132,"type":"if","locations":[{"start":{"line":132,"column":8},"end":{"line":132,"column":8}},{"start":{"line":132,"column":8},"end":{"line":132,"column":8}}]}}},
"contracts/NFTStaking.sol":{"l":{"78":49,"82":46,"87":22,"91":20,"92":20,"93":20,"94":20,"95":27,"96":27,"97":18,"100":20,"101":18,"106":21,"110":19,"111":19,"112":19,"113":19,"114":34,"115":34,"116":17,"119":19,"120":17,"126":12,"127":10,"135":18,"146":5,"157":5,"166":28,"170":27,"171":27,"172":26,"173":26,"175":26,"176":26,"177":26,"182":25,"183":44,"184":44,"186":42,"188":42,"189":42,"190":42,"191":22,"192":22,"195":22,"200":5,"202":5,"218":4,"219":4,"220":4,"221":4,"223":3,"224":3,"225":3,"226":1,"228":3,"230":3,"231":1,"234":3,"248":12,"249":12,"250":12,"251":12,"252":12,"254":12,"255":8,"256":8,"258":8,"265":12,"278":6,"279":6,"280":3,"282":6,"296":12,"297":12,"298":12,"299":12,"300":12,"302":12,"303":10,"304":10,"306":10,"313":12,"326":5,"327":5,"328":4,"330":5,"345":7,"346":7,"348":7,"349":7,"351":7,"352":7,"353":14,"354":14,"355":14,"356":13,"358":13,"359":13,"363":7,"377":10,"378":10,"379":10,"381":10,"382":24,"383":24,"384":24,"385":19,"388":10,"401":6,"402":6,"403":6,"404":6,"406":6,"408":6,"409":14,"410":14,"411":14,"412":13,"413":13,"416":6,"428":39,"430":39,"431":39,"432":39,"433":48,"435":48,"436":46,"445":30,"446":30,"448":30,"449":45,"450":45,"451":4,"457":4,"459":4,"460":4,"462":4,"463":2,"465":4,"466":4,"475":42,"477":42,"480":42,"481":37,"482":37,"484":37,"497":50,"499":50,"500":50,"501":74,"502":74,"503":12,"507":38,"517":7,"518":7,"520":7,"521":7,"522":8,"523":8,"524":9,"525":5,"527":4,"531":8,"532":8,"533":8,"535":8,"538":7,"539":7,"540":7,"541":8,"542":8,"543":8,"544":4,"548":7},"path":"/Users/coredev0927/WorkSpace/Blockchain/Evm/Altava/staking-contract/contracts/NFTStaking.sol","s":{"1":49,"2":22,"3":20,"4":20,"5":20,"6":20,"7":27,"8":27,"9":20,"10":21,"11":19,"12":19,"13":19,"14":19,"15":34,"16":34,"17":19,"18":12,"19":28,"20":27,"21":27,"22":26,"23":26,"24":26,"25":26,"26":26,"27":25,"28":44,"29":44,"30":42,"31":42,"32":42,"33":42,"34":22,"35":22,"36":22,"37":5,"38":5,"39":4,"40":4,"41":4,"42":4,"43":3,"44":3,"45":3,"46":3,"47":3,"48":3,"49":12,"50":12,"51":12,"52":12,"53":12,"54":8,"55":8,"56":8,"57":12,"58":6,"59":6,"60":6,"61":12,"62":12,"63":12,"64":12,"65":12,"66":10,"67":10,"68":10,"69":12,"70":5,"71":5,"72":5,"73":7,"74":7,"75":7,"76":7,"77":7,"78":7,"79":14,"80":14,"81":14,"82":13,"83":7,"84":10,"85":10,"86":10,"87":10,"88":24,"89":24,"90":24,"91":10,"92":6,"93":6,"94":6,"95":6,"96":6,"97":6,"98":14,"99":14,"100":14,"101":6,"102":39,"103":39,"104":39,"105":48,"106":48,"107":30,"108":30,"109":30,"110":45,"111":45,"112":4,"113":4,"114":4,"115":4,"116":4,"117":4,"118":4,"119":42,"120":42,"121":42,"122":37,"123":37,"124":37,"125":50,"126":50,"127":50,"128":74,"129":74,"130":12,"131":38,"132":7,"133":7,"134":7,"135":7,"136":8,"137":8,"138":9,"139":7,"140":7,"141":7,"142":8,"143":7},"b":{"1":[46,3],"2":[20,2],"3":[18,9],"4":[18,2],"5":[19,2],"6":[17,17],"7":[17,2],"8":[10,2],"9":[6,1],"10":[5,1],"11":[6,1],"12":[5,1],"13":[27,1],"14":[26,1],"15":[25,1],"16":[5,17],"17":[4,1],"18":[3,1],"19":[1,2],"20":[1,2],"21":[12,2],"22":[6,2],"23":[3,3],"24":[12,2],"25":[5,2],"26":[4,1],"27":[13,1],"28":[19,5],"29":[13,1],"30":[46,2],"31":[4,41],"32":[2,2],"33":[42,2],"34":[37,5],"35":[12,62],"36":[5,4],"37":[4,4]},"f":{"1":49,"2":22,"3":21,"4":12,"5":18,"6":5,"7":5,"8":28,"9":4,"10":12,"11":6,"12":12,"13":5,"14":7,"15":10,"16":6,"17":39,"18":30,"19":4,"20":42,"21":50,"22":7},"fnMap":{"1":{"name":"onlyTokenOwner","line":77,"loc":{"start":{"line":77,"column":4},"end":{"line":83,"column":4}}},"2":{"name":"onlySmartChef","line":86,"loc":{"start":{"line":86,"column":4},"end":{"line":102,"column":4}}},"3":{"name":"onlyNFTChef","line":105,"loc":{"start":{"line":105,"column":4},"end":{"line":121,"column":4}}},"4":{"name":"_realAddress","line":125,"loc":{"start":{"line":125,"column":4},"end":{"line":128,"column":4}}},"5":{"name":"constructor","line":134,"loc":{"start":{"line":134,"column":4},"end":{"line":136,"column":4}}},"6":{"name":"setMasterChef","line":144,"loc":{"start":{"line":141,"column":4},"end":{"line":147,"column":4}}},"7":{"name":"setNFTMasterChef","line":155,"loc":{"start":{"line":152,"column":4},"end":{"line":158,"column":4}}},"8":{"name":"stake","line":165,"loc":{"start":{"line":165,"column":4},"end":{"line":211,"column":4}}},"9":{"name":"unstake","line":217,"loc":{"start":{"line":217,"column":4},"end":{"line":235,"column":4}}},"10":{"name":"stakeFromSmartChef","line":245,"loc":{"start":{"line":242,"column":4},"end":{"line":266,"column":4}}},"11":{"name":"unstakeFromSmartChef","line":275,"loc":{"start":{"line":272,"column":4},"end":{"line":283,"column":4}}},"12":{"name":"stakeFromNFTChef","line":293,"loc":{"start":{"line":290,"column":4},"end":{"line":314,"column":4}}},"13":{"name":"unstakeFromNFTChef","line":323,"loc":{"start":{"line":320,"column":4},"end":{"line":331,"column":4}}},"14":{"name":"getSmartChefBoostData","line":339,"loc":{"start":{"line":339,"column":4},"end":{"line":364,"column":4}}},"15":{"name":"getNFTChefBoostCount","line":371,"loc":{"start":{"line":371,"column":4},"end":{"line":389,"column":4}}},"16":{"name":"getStakedTokenIds","line":395,"loc":{"start":{"line":395,"column":4},"end":{"line":417,"column":4}}},"17":{"name":"getStakedNFTCount","line":423,"loc":{"start":{"line":423,"column":4},"end":{"line":439,"column":4}}},"18":{"name":"_removeUnholdNFTs","line":444,"loc":{"start":{"line":444,"column":4},"end":{"line":454,"column":4}}},"19":{"name":"_removeHoldNFT","line":456,"loc":{"start":{"line":456,"column":4},"end":{"line":467,"column":4}}},"20":{"name":"_stake","line":474,"loc":{"start":{"line":474,"column":4},"end":{"line":486,"column":4}}},"21":{"name":"_getStakedIndex","line":492,"loc":{"start":{"line":492,"column":4},"end":{"line":508,"column":4}}},"22":{"name":"_removeDuplicateBasedOnTimestamp","line":513,"loc":{"start":{"line":513,"column":4},"end":{"line":549,"column":4}}}},"statementMap":{"1":{"start":{"line":78,"column":8},"end":{"line":78,"column":3224}},"2":{"start":{"line":87,"column":8},"end":{"line":87,"column":3449}},"3":{"start":{"line":91,"column":8},"end":{"line":91,"column":25}},"4":{"start":{"line":92,"column":8},"end":{"line":92,"column":76}},"5":{"start":{"line":93,"column":8},"end":{"line":93,"column":56}},"6":{"start":{"line":94,"column":8},"end":{"line":94,"column":3728}},"7":{"start":{"line":95,"column":12},"end":{"line":95,"column":60}},"8":{"start":{"line":96,"column":12},"end":{"line":96,"column":3854}},"9":{"start":{"line":100,"column":8},"end":{"line":100,"column":43}},"10":{"start":{"line":106,"column":8},"end":{"line":106,"column":4097}},"11":{"start":{"line":110,"column":8},"end":{"line":110,"column":25}},"12":{"start":{"line":111,"column":8},"end":{"line":111,"column":77}},"13":{"start":{"line":112,"column":8},"end":{"line":112,"column":52}},"14":{"start":{"line":113,"column":8},"end":{"line":113,"column":4379}},"15":{"start":{"line":114,"column":12},"end":{"line":114,"column":57}},"16":{"start":{"line":115,"column":12},"end":{"line":115,"column":4500}},"17":{"start":{"line":119,"column":8},"end":{"line":119,"column":43}},"18":{"start":{"line":126,"column":8},"end":{"line":126,"column":60}},"19":{"start":{"line":166,"column":8},"end":{"line":166,"column":5822}},"20":{"start":{"line":170,"column":8},"end":{"line":170,"column":37}},"21":{"start":{"line":171,"column":8},"end":{"line":171,"column":38}},"22":{"start":{"line":172,"column":8},"end":{"line":172,"column":36}},"23":{"start":{"line":173,"column":8},"end":{"line":173,"column":33}},"24":{"start":{"line":175,"column":8},"end":{"line":175,"column":57}},"25":{"start":{"line":176,"column":8},"end":{"line":176,"column":64}},"26":{"start":{"line":177,"column":8},"end":{"line":177,"column":6218}},"27":{"start":{"line":182,"column":8},"end":{"line":182,"column":6354}},"28":{"start":{"line":183,"column":12},"end":{"line":183,"column":41}},"29":{"start":{"line":184,"column":12},"end":{"line":184,"column":26}},"30":{"start":{"line":186,"column":12},"end":{"line":186,"column":6503}},"31":{"start":{"line":188,"column":12},"end":{"line":188,"column":60}},"32":{"start":{"line":189,"column":12},"end":{"line":189,"column":47}},"33":{"start":{"line":190,"column":12},"end":{"line":190,"column":6689}},"34":{"start":{"line":191,"column":16},"end":{"line":191,"column":64}},"35":{"start":{"line":192,"column":16},"end":{"line":192,"column":6824}},"36":{"start":{"line":195,"column":16},"end":{"line":195,"column":6953}},"37":{"start":{"line":200,"column":20},"end":{"line":200,"column":59}},"38":{"start":{"line":202,"column":20},"end":{"line":202,"column":7272}},"39":{"start":{"line":218,"column":8},"end":{"line":218,"column":36}},"40":{"start":{"line":219,"column":8},"end":{"line":219,"column":33}},"41":{"start":{"line":220,"column":8},"end":{"line":220,"column":64}},"42":{"start":{"line":221,"column":8},"end":{"line":221,"column":59}},"43":{"start":{"line":223,"column":8},"end":{"line":223,"column":58}},"44":{"start":{"line":224,"column":8},"end":{"line":224,"column":58}},"45":{"start":{"line":225,"column":8},"end":{"line":225,"column":8002}},"46":{"start":{"line":228,"column":8},"end":{"line":228,"column":32}},"47":{"start":{"line":230,"column":8},"end":{"line":230,"column":8242}},"48":{"start":{"line":234,"column":8},"end":{"line":234,"column":42}},"49":{"start":{"line":248,"column":8},"end":{"line":248,"column":76}},"50":{"start":{"line":249,"column":8},"end":{"line":249,"column":56}},"51":{"start":{"line":250,"column":8},"end":{"line":250,"column":48}},"52":{"start":{"line":251,"column":8},"end":{"line":251,"column":51}},"53":{"start":{"line":254,"column":8},"end":{"line":254,"column":8991}},"54":{"start":{"line":255,"column":12},"end":{"line":255,"column":52}},"55":{"start":{"line":256,"column":12},"end":{"line":256,"column":59}},"56":{"start":{"line":258,"column":12},"end":{"line":258,"column":9186}},"57":{"start":{"line":265,"column":8},"end":{"line":265,"column":19}},"58":{"start":{"line":278,"column":8},"end":{"line":278,"column":76}},"59":{"start":{"line":279,"column":8},"end":{"line":279,"column":9715}},"60":{"start":{"line":282,"column":8},"end":{"line":282,"column":19}},"61":{"start":{"line":296,"column":8},"end":{"line":296,"column":72}},"62":{"start":{"line":297,"column":8},"end":{"line":297,"column":56}},"63":{"start":{"line":298,"column":8},"end":{"line":298,"column":48}},"64":{"start":{"line":299,"column":8},"end":{"line":299,"column":51}},"65":{"start":{"line":302,"column":8},"end":{"line":302,"column":10493}},"66":{"start":{"line":303,"column":12},"end":{"line":303,"column":52}},"67":{"start":{"line":304,"column":12},"end":{"line":304,"column":57}},"68":{"start":{"line":306,"column":12},"end":{"line":306,"column":10686}},"69":{"start":{"line":313,"column":8},"end":{"line":313,"column":19}},"70":{"start":{"line":326,"column":8},"end":{"line":326,"column":72}},"71":{"start":{"line":327,"column":8},"end":{"line":327,"column":11203}},"72":{"start":{"line":330,"column":8},"end":{"line":330,"column":19}},"73":{"start":{"line":345,"column":8},"end":{"line":345,"column":72}},"74":{"start":{"line":346,"column":8},"end":{"line":346,"column":51}},"75":{"start":{"line":348,"column":8},"end":{"line":348,"column":53}},"76":{"start":{"line":349,"column":8},"end":{"line":349,"column":62}},"77":{"start":{"line":351,"column":8},"end":{"line":351,"column":29}},"78":{"start":{"line":352,"column":8},"end":{"line":352,"column":12039}},"79":{"start":{"line":353,"column":12},"end":{"line":353,"column":41}},"80":{"start":{"line":354,"column":12},"end":{"line":354,"column":67}},"81":{"start":{"line":355,"column":12},"end":{"line":355,"column":12212}},"82":{"start":{"line":356,"column":16},"end":{"line":356,"column":53}},"83":{"start":{"line":363,"column":8},"end":{"line":363,"column":67}},"84":{"start":{"line":377,"column":8},"end":{"line":377,"column":62}},"85":{"start":{"line":378,"column":8},"end":{"line":378,"column":47}},"86":{"start":{"line":379,"column":8},"end":{"line":379,"column":29}},"87":{"start":{"line":381,"column":8},"end":{"line":381,"column":12893}},"88":{"start":{"line":382,"column":12},"end":{"line":382,"column":42}},"89":{"start":{"line":383,"column":12},"end":{"line":383,"column":67}},"90":{"start":{"line":384,"column":12},"end":{"line":384,"column":13067}},"91":{"start":{"line":388,"column":8},"end":{"line":388,"column":24}},"92":{"start":{"line":401,"column":8},"end":{"line":401,"column":56}},"93":{"start":{"line":402,"column":8},"end":{"line":402,"column":57}},"94":{"start":{"line":403,"column":8},"end":{"line":403,"column":60}},"95":{"start":{"line":404,"column":8},"end":{"line":404,"column":29}},"96":{"start":{"line":406,"column":8},"end":{"line":406,"column":67}},"97":{"start":{"line":408,"column":8},"end":{"line":408,"column":13681}},"98":{"start":{"line":409,"column":12},"end":{"line":409,"column":52}},"99":{"start":{"line":410,"column":12},"end":{"line":410,"column":67}},"100":{"start":{"line":411,"column":12},"end":{"line":411,"column":13865}},"101":{"start":{"line":416,"column":8},"end":{"line":416,"column":23}},"102":{"start":{"line":428,"column":8},"end":{"line":428,"column":56}},"103":{"start":{"line":430,"column":8},"end":{"line":430,"column":57}},"104":{"start":{"line":432,"column":8},"end":{"line":432,"column":14368}},"105":{"start":{"line":433,"column":12},"end":{"line":433,"column":14439}},"106":{"start":{"line":435,"column":12},"end":{"line":435,"column":14529}},"107":{"start":{"line":445,"column":8},"end":{"line":445,"column":57}},"108":{"start":{"line":446,"column":8},"end":{"line":446,"column":48}},"109":{"start":{"line":448,"column":8},"end":{"line":448,"column":14872}},"110":{"start":{"line":449,"column":12},"end":{"line":449,"column":52}},"111":{"start":{"line":450,"column":12},"end":{"line":450,"column":14978}},"112":{"start":{"line":451,"column":16},"end":{"line":451,"column":47}},"113":{"start":{"line":457,"column":8},"end":{"line":457,"column":65}},"114":{"start":{"line":459,"column":8},"end":{"line":459,"column":58}},"115":{"start":{"line":460,"column":8},"end":{"line":460,"column":58}},"116":{"start":{"line":462,"column":8},"end":{"line":462,"column":15374}},"117":{"start":{"line":465,"column":8},"end":{"line":465,"column":32}},"118":{"start":{"line":466,"column":8},"end":{"line":466,"column":43}},"119":{"start":{"line":475,"column":8},"end":{"line":475,"column":36}},"120":{"start":{"line":477,"column":8},"end":{"line":477,"column":64}},"121":{"start":{"line":480,"column":8},"end":{"line":480,"column":15974}},"122":{"start":{"line":481,"column":12},"end":{"line":481,"column":62}},"123":{"start":{"line":482,"column":12},"end":{"line":482,"column":44}},"124":{"start":{"line":484,"column":12},"end":{"line":484,"column":44}},"125":{"start":{"line":497,"column":8},"end":{"line":497,"column":57}},"126":{"start":{"line":499,"column":8},"end":{"line":499,"column":57}},"127":{"start":{"line":500,"column":8},"end":{"line":500,"column":16546}},"128":{"start":{"line":501,"column":12},"end":{"line":501,"column":52}},"129":{"start":{"line":502,"column":12},"end":{"line":502,"column":16661}},"130":{"start":{"line":503,"column":16},"end":{"line":503,"column":24}},"131":{"start":{"line":507,"column":8},"end":{"line":507,"column":24}},"132":{"start":{"line":517,"column":8},"end":{"line":517,"column":59}},"133":{"start":{"line":518,"column":8},"end":{"line":518,"column":61}},"134":{"start":{"line":520,"column":8},"end":{"line":520,"column":28}},"135":{"start":{"line":521,"column":8},"end":{"line":521,"column":17309}},"136":{"start":{"line":522,"column":12},"end":{"line":522,"column":32}},"137":{"start":{"line":523,"column":12},"end":{"line":523,"column":17397}},"138":{"start":{"line":524,"column":16},"end":{"line":524,"column":17462}},"139":{"start":{"line":538,"column":8},"end":{"line":538,"column":58}},"140":{"start":{"line":539,"column":8},"end":{"line":539,"column":60}},"141":{"start":{"line":540,"column":8},"end":{"line":540,"column":17899}},"142":{"start":{"line":543,"column":12},"end":{"line":543,"column":18036}},"143":{"start":{"line":548,"column":8},"end":{"line":548,"column":35}}},"branchMap":{"1":{"line":78,"type":"if","locations":[{"start":{"line":78,"column":8},"end":{"line":78,"column":8}},{"start":{"line":78,"column":8},"end":{"line":78,"column":8}}]},"2":{"line":87,"type":"if","locations":[{"start":{"line":87,"column":8},"end":{"line":87,"column":8}},{"start":{"line":87,"column":8},"end":{"line":87,"column":8}}]},"3":{"line":96,"type":"if","locations":[{"start":{"line":96,"column":12},"end":{"line":96,"column":12}},{"start":{"line":96,"column":12},"end":{"line":96,"column":12}}]},"4":{"line":100,"type":"if","locations":[{"start":{"line":100,"column":8},"end":{"line":100,"column":8}},{"start":{"line":100,"column":8},"end":{"line":100,"column":8}}]},"5":{"line":106,"type":"if","locations":[{"start":{"line":106,"column":8},"end":{"line":106,"column":8}},{"start":{"line":106,"column":8},"end":{"line":106,"column":8}}]},"6":{"line":115,"type":"if","locations":[{"start":{"line":115,"column":12},"end":{"line":115,"column":12}},{"start":{"line":115,"column":12},"end":{"line":115,"column":12}}]},"7":{"line":119,"type":"if","locations":[{"start":{"line":119,"column":8},"end":{"line":119,"column":8}},{"start":{"line":119,"column":8},"end":{"line":119,"column":8}}]},"8":{"line":126,"type":"if","locations":[{"start":{"line":126,"column":8},"end":{"line":126,"column":8}},{"start":{"line":126,"column":8},"end":{"line":126,"column":8}}]},"9":{"line":143,"type":"if","locations":[{"start":{"line":143,"column":8},"end":{"line":143,"column":8}},{"start":{"line":143,"column":8},"end":{"line":143,"column":8}}]},"10":{"line":144,"type":"if","locations":[{"start":{"line":144,"column":8},"end":{"line":144,"column":8}},{"start":{"line":144,"column":8},"end":{"line":144,"column":8}}]},"11":{"line":154,"type":"if","locations":[{"start":{"line":154,"column":8},"end":{"line":154,"column":8}},{"start":{"line":154,"column":8},"end":{"line":154,"column":8}}]},"12":{"line":155,"type":"if","locations":[{"start":{"line":155,"column":8},"end":{"line":155,"column":8}},{"start":{"line":155,"column":8},"end":{"line":155,"column":8}}]},"13":{"line":166,"type":"if","locations":[{"start":{"line":166,"column":8},"end":{"line":166,"column":8}},{"start":{"line":166,"column":8},"end":{"line":166,"column":8}}]},"14":{"line":171,"type":"if","locations":[{"start":{"line":171,"column":8},"end":{"line":171,"column":8}},{"start":{"line":171,"column":8},"end":{"line":171,"column":8}}]},"15":{"line":177,"type":"if","locations":[{"start":{"line":177,"column":8},"end":{"line":177,"column":8}},{"start":{"line":177,"column":8},"end":{"line":177,"column":8}}]},"16":{"line":195,"type":"if","locations":[{"start":{"line":195,"column":16},"end":{"line":195,"column":16}},{"start":{"line":195,"column":16},"end":{"line":195,"column":16}}]},"17":{"line":217,"type":"if","locations":[{"start":{"line":217,"column":47},"end":{"line":217,"column":47}},{"start":{"line":217,"column":47},"end":{"line":217,"column":47}}]},"18":{"line":221,"type":"if","locations":[{"start":{"line":221,"column":8},"end":{"line":221,"column":8}},{"start":{"line":221,"column":8},"end":{"line":221,"column":8}}]},"19":{"line":225,"type":"if","locations":[{"start":{"line":225,"column":8},"end":{"line":225,"column":8}},{"start":{"line":225,"column":8},"end":{"line":225,"column":8}}]},"20":{"line":230,"type":"if","locations":[{"start":{"line":230,"column":8},"end":{"line":230,"column":8}},{"start":{"line":230,"column":8},"end":{"line":230,"column":8}}]},"21":{"line":245,"type":"if","locations":[{"start":{"line":245,"column":8},"end":{"line":245,"column":8}},{"start":{"line":245,"column":8},"end":{"line":245,"column":8}}]},"22":{"line":275,"type":"if","locations":[{"start":{"line":275,"column":8},"end":{"line":275,"column":8}},{"start":{"line":275,"column":8},"end":{"line":275,"column":8}}]},"23":{"line":279,"type":"if","locations":[{"start":{"line":279,"column":8},"end":{"line":279,"column":8}},{"start":{"line":279,"column":8},"end":{"line":279,"column":8}}]},"24":{"line":293,"type":"if","locations":[{"start":{"line":293,"column":8},"end":{"line":293,"column":8}},{"start":{"line":293,"column":8},"end":{"line":293,"column":8}}]},"25":{"line":323,"type":"if","locations":[{"start":{"line":323,"column":8},"end":{"line":323,"column":8}},{"start":{"line":323,"column":8},"end":{"line":323,"column":8}}]},"26":{"line":327,"type":"if","locations":[{"start":{"line":327,"column":8},"end":{"line":327,"column":8}},{"start":{"line":327,"column":8},"end":{"line":327,"column":8}}]},"27":{"line":355,"type":"if","locations":[{"start":{"line":355,"column":12},"end":{"line":355,"column":12}},{"start":{"line":355,"column":12},"end":{"line":355,"column":12}}]},"28":{"line":384,"type":"if","locations":[{"start":{"line":384,"column":12},"end":{"line":384,"column":12}},{"start":{"line":384,"column":12},"end":{"line":384,"column":12}}]},"29":{"line":411,"type":"if","locations":[{"start":{"line":411,"column":12},"end":{"line":411,"column":12}},{"start":{"line":411,"column":12},"end":{"line":411,"column":12}}]},"30":{"line":435,"type":"if","locations":[{"start":{"line":435,"column":12},"end":{"line":435,"column":12}},{"start":{"line":435,"column":12},"end":{"line":435,"column":12}}]},"31":{"line":450,"type":"if","locations":[{"start":{"line":450,"column":12},"end":{"line":450,"column":12}},{"start":{"line":450,"column":12},"end":{"line":450,"column":12}}]},"32":{"line":462,"type":"if","locations":[{"start":{"line":462,"column":8},"end":{"line":462,"column":8}},{"start":{"line":462,"column":8},"end":{"line":462,"column":8}}]},"33":{"line":474,"type":"if","locations":[{"start":{"line":474,"column":45},"end":{"line":474,"column":45}},{"start":{"line":474,"column":45},"end":{"line":474,"column":45}}]},"34":{"line":480,"type":"if","locations":[{"start":{"line":480,"column":8},"end":{"line":480,"column":8}},{"start":{"line":480,"column":8},"end":{"line":480,"column":8}}]},"35":{"line":502,"type":"if","locations":[{"start":{"line":502,"column":12},"end":{"line":502,"column":12}},{"start":{"line":502,"column":12},"end":{"line":502,"column":12}}]},"36":{"line":524,"type":"if","locations":[{"start":{"line":524,"column":16},"end":{"line":524,"column":16}},{"start":{"line":524,"column":16},"end":{"line":524,"column":16}}]},"37":{"line":543,"type":"if","locations":[{"start":{"line":543,"column":12},"end":{"line":543,"column":12}},{"start":{"line":543,"column":12},"end":{"line":543,"column":12}}]}}},
"contracts/SmartChef.sol":{"l":{"120":4,"146":5,"147":4,"148":4,"150":4,"152":4,"154":4,"155":4,"156":4,"157":4,"158":4,"161":4,"162":3,"163":3,"164":3,"165":3,"167":1,"169":4,"172":4,"174":4,"177":4,"187":2,"188":1,"195":2,"205":2,"206":1,"207":1,"220":4,"221":3,"222":2,"224":1,"225":1,"228":1,"230":1,"244":28,"245":27,"260":13,"261":11,"263":11,"266":12,"267":12,"268":12,"270":12,"272":12,"273":9,"274":9,"276":6,"278":6,"281":6,"282":5,"286":6,"287":6,"290":6,"291":6,"293":6,"294":6,"295":6,"299":6,"303":6,"304":2,"309":2,"312":6,"320":6,"328":2,"329":1,"342":7,"344":7,"346":7,"348":7,"349":7,"350":8,"351":8,"352":8,"353":4,"356":8,"364":7,"372":24,"373":4,"375":20,"377":20,"378":6,"379":6,"381":14,"382":14,"383":14,"387":14,"398":27,"399":27,"401":27,"402":13,"403":11,"407":7,"410":14,"411":14,"414":21,"418":19,"424":18,"426":12,"429":18,"431":18,"432":6,"435":6,"436":4,"440":18,"441":12,"442":12,"449":18,"452":18,"453":18,"455":18,"464":18,"477":14,"478":11,"480":2,"482":1,"496":8,"501":8,"502":8,"503":4,"505":0,"507":4,"510":8},"path":"/Users/coredev0927/WorkSpace/Blockchain/Evm/Altava/staking-contract/contracts/SmartChef.sol","s":{"1":5,"2":4,"3":4,"4":4,"5":3,"6":3,"7":4,"8":2,"9":2,"10":1,"11":1,"12":2,"13":1,"14":4,"15":3,"16":2,"17":1,"18":28,"19":27,"20":13,"21":11,"22":11,"23":12,"24":12,"25":12,"26":12,"27":9,"28":9,"29":6,"30":6,"31":6,"32":6,"33":6,"34":6,"35":6,"36":6,"37":6,"38":2,"39":2,"40":6,"41":6,"42":2,"43":1,"44":7,"45":7,"46":7,"47":7,"48":7,"49":8,"50":8,"51":8,"52":7,"53":24,"54":4,"55":20,"56":20,"57":6,"58":14,"59":14,"60":27,"61":27,"62":27,"63":13,"64":11,"65":14,"66":21,"67":19,"68":18,"69":12,"70":18,"71":18,"72":6,"73":6,"74":18,"75":12,"76":18,"77":18,"78":14,"79":11,"80":3,"81":2,"82":1,"83":8,"84":8,"85":8,"86":4,"87":8},"b":{"1":[4,1],"2":[4,0],"3":[4,0],"4":[3,1],"5":[3,0],"6":[2,1],"7":[1,1],"8":[2,1],"9":[1,1],"10":[2,1],"11":[1,1],"12":[4,1],"13":[3,1],"14":[2,1],"15":[1,1],"16":[29,0],"17":[28,1],"18":[27,1],"19":[16,11],"20":[13,0],"21":[11,2],"22":[10,1],"23":[9,3],"24":[9,0],"25":[6,3],"26":[5,1],"27":[6,0],"28":[2,4],"29":[2,0],"30":[2,1],"31":[1,1],"32":[4,4],"33":[4,20],"34":[6,14],"35":[13,14],"36":[11,2],"37":[7,4],"38":[14,0],"39":[19,2],"40":[18,1],"41":[12,6],"42":[12,0],"43":[6,12],"44":[4,2],"45":[12,6],"46":[11,3],"47":[2,1],"48":[4,4],"49":[0,4]},"f":{"1":4,"2":5,"3":2,"4":2,"5":2,"6":4,"7":28,"8":13,"9":2,"10":7,"11":24,"12":27,"13":14,"14":8},"fnMap":{"1":{"name":"constructor","line":119,"loc":{"start":{"line":119,"column":4},"end":{"line":121,"column":4}}},"2":{"name":"initialize","line":134,"loc":{"start":{"line":134,"column":4},"end":{"line":178,"column":4}}},"3":{"name":"setBoosterController","line":185,"loc":{"start":{"line":183,"column":4},"end":{"line":189,"column":4}}},"4":{"name":"setPause","line":194,"loc":{"start":{"line":194,"column":4},"end":{"line":197,"column":4}}},"5":{"name":"updateRewardPerBlock","line":204,"loc":{"start":{"line":204,"column":4},"end":{"line":208,"column":4}}},"6":{"name":"updateStartAndEndBlocks","line":219,"loc":{"start":{"line":216,"column":4},"end":{"line":231,"column":4}}},"7":{"name":"stake","line":241,"loc":{"start":{"line":238,"column":4},"end":{"line":246,"column":4}}},"8":{"name":"unlock","line":257,"loc":{"start":{"line":255,"column":4},"end":{"line":321,"column":4}}},"9":{"name":"emergencyRewardWithdraw","line":327,"loc":{"start":{"line":327,"column":4},"end":{"line":330,"column":4}}},"10":{"name":"getStakerBoosterValue","line":337,"loc":{"start":{"line":337,"column":4},"end":{"line":365,"column":4}}},"11":{"name":"_updatePool","line":371,"loc":{"start":{"line":371,"column":4},"end":{"line":388,"column":4}}},"12":{"name":"_stake","line":393,"loc":{"start":{"line":393,"column":4},"end":{"line":465,"column":4}}},"13":{"name":"_getMultiplier","line":472,"loc":{"start":{"line":472,"column":4},"end":{"line":484,"column":4}}},"14":{"name":"_getBoostAPR","line":490,"loc":{"start":{"line":490,"column":4},"end":{"line":511,"column":4}}}},"statementMap":{"1":{"start":{"line":146,"column":8},"end":{"line":146,"column":53}},"2":{"start":{"line":147,"column":8},"end":{"line":147,"column":67}},"3":{"start":{"line":148,"column":8},"end":{"line":148,"column":76}},"4":{"start":{"line":161,"column":8},"end":{"line":161,"column":5638}},"5":{"start":{"line":163,"column":12},"end":{"line":163,"column":73}},"6":{"start":{"line":164,"column":12},"end":{"line":164,"column":68}},"7":{"start":{"line":177,"column":8},"end":{"line":177,"column":35}},"8":{"start":{"line":187,"column":8},"end":{"line":187,"column":76}},"9":{"start":{"line":195,"column":8},"end":{"line":195,"column":6790}},"10":{"start":{"line":195,"column":23},"end":{"line":195,"column":30}},"11":{"start":{"line":196,"column":13},"end":{"line":196,"column":22}},"12":{"start":{"line":205,"column":8},"end":{"line":205,"column":61}},"13":{"start":{"line":207,"column":8},"end":{"line":207,"column":47}},"14":{"start":{"line":220,"column":8},"end":{"line":220,"column":61}},"15":{"start":{"line":221,"column":8},"end":{"line":221,"column":69}},"16":{"start":{"line":222,"column":8},"end":{"line":222,"column":66}},"17":{"start":{"line":230,"column":8},"end":{"line":230,"column":62}},"18":{"start":{"line":244,"column":8},"end":{"line":244,"column":70}},"19":{"start":{"line":245,"column":8},"end":{"line":245,"column":59}},"20":{"start":{"line":260,"column":8},"end":{"line":260,"column":8894}},"21":{"start":{"line":261,"column":12},"end":{"line":261,"column":66}},"22":{"start":{"line":263,"column":12},"end":{"line":263,"column":68}},"23":{"start":{"line":266,"column":8},"end":{"line":266,"column":34}},"24":{"start":{"line":267,"column":8},"end":{"line":267,"column":47}},"25":{"start":{"line":268,"column":8},"end":{"line":268,"column":43}},"26":{"start":{"line":272,"column":8},"end":{"line":272,"column":46}},"27":{"start":{"line":273,"column":8},"end":{"line":273,"column":47}},"28":{"start":{"line":274,"column":8},"end":{"line":274,"column":69}},"29":{"start":{"line":276,"column":8},"end":{"line":276,"column":20}},"30":{"start":{"line":278,"column":8},"end":{"line":278,"column":9488}},"31":{"start":{"line":281,"column":8},"end":{"line":281,"column":9585}},"32":{"start":{"line":290,"column":8},"end":{"line":290,"column":56}},"33":{"start":{"line":291,"column":8},"end":{"line":291,"column":68}},"34":{"start":{"line":293,"column":8},"end":{"line":293,"column":57}},"35":{"start":{"line":294,"column":8},"end":{"line":294,"column":72}},"36":{"start":{"line":295,"column":8},"end":{"line":295,"column":10080}},"37":{"start":{"line":303,"column":8},"end":{"line":303,"column":10332}},"38":{"start":{"line":304,"column":12},"end":{"line":304,"column":10392}},"39":{"start":{"line":309,"column":12},"end":{"line":309,"column":65}},"40":{"start":{"line":312,"column":8},"end":{"line":312,"column":10607}},"41":{"start":{"line":320,"column":8},"end":{"line":320,"column":19}},"42":{"start":{"line":328,"column":8},"end":{"line":328,"column":66}},"43":{"start":{"line":329,"column":8},"end":{"line":329,"column":61}},"44":{"start":{"line":342,"column":8},"end":{"line":342,"column":11464}},"45":{"start":{"line":344,"column":8},"end":{"line":344,"column":47}},"46":{"start":{"line":346,"column":8},"end":{"line":346,"column":35}},"47":{"start":{"line":348,"column":8},"end":{"line":348,"column":28}},"48":{"start":{"line":349,"column":8},"end":{"line":349,"column":11665}},"49":{"start":{"line":350,"column":12},"end":{"line":350,"column":39}},"50":{"start":{"line":351,"column":12},"end":{"line":351,"column":31}},"51":{"start":{"line":352,"column":12},"end":{"line":352,"column":11824}},"52":{"start":{"line":364,"column":8},"end":{"line":364,"column":23}},"53":{"start":{"line":372,"column":8},"end":{"line":372,"column":12275}},"54":{"start":{"line":373,"column":12},"end":{"line":373,"column":18}},"55":{"start":{"line":375,"column":8},"end":{"line":375,"column":72}},"56":{"start":{"line":377,"column":8},"end":{"line":377,"column":12427}},"57":{"start":{"line":379,"column":12},"end":{"line":379,"column":18}},"58":{"start":{"line":381,"column":8},"end":{"line":381,"column":74}},"59":{"start":{"line":382,"column":8},"end":{"line":382,"column":56}},"60":{"start":{"line":398,"column":8},"end":{"line":398,"column":47}},"61":{"start":{"line":399,"column":8},"end":{"line":399,"column":45}},"62":{"start":{"line":401,"column":8},"end":{"line":401,"column":13163}},"63":{"start":{"line":402,"column":12},"end":{"line":402,"column":56}},"64":{"start":{"line":403,"column":12},"end":{"line":403,"column":13281}},"65":{"start":{"line":410,"column":12},"end":{"line":410,"column":55}},"66":{"start":{"line":414,"column":8},"end":{"line":414,"column":13657}},"67":{"start":{"line":418,"column":8},"end":{"line":418,"column":13779}},"68":{"start":{"line":424,"column":8},"end":{"line":424,"column":13956}},"69":{"start":{"line":426,"column":12},"end":{"line":426,"column":77}},"70":{"start":{"line":429,"column":8},"end":{"line":429,"column":20}},"71":{"start":{"line":431,"column":8},"end":{"line":431,"column":14156}},"72":{"start":{"line":432,"column":12},"end":{"line":432,"column":14220}},"73":{"start":{"line":435,"column":12},"end":{"line":435,"column":14339}},"74":{"start":{"line":440,"column":8},"end":{"line":440,"column":14442}},"75":{"start":{"line":442,"column":12},"end":{"line":442,"column":14538}},"76":{"start":{"line":455,"column":8},"end":{"line":455,"column":14886}},"77":{"start":{"line":464,"column":8},"end":{"line":464,"column":19}},"78":{"start":{"line":477,"column":8},"end":{"line":477,"column":15407}},"79":{"start":{"line":478,"column":12},"end":{"line":478,"column":30}},"80":{"start":{"line":479,"column":15},"end":{"line":479,"column":15482}},"81":{"start":{"line":480,"column":12},"end":{"line":480,"column":20}},"82":{"start":{"line":482,"column":12},"end":{"line":482,"column":40}},"83":{"start":{"line":496,"column":8},"end":{"line":496,"column":15947}},"84":{"start":{"line":501,"column":8},"end":{"line":501,"column":32}},"85":{"start":{"line":502,"column":8},"end":{"line":502,"column":16098}},"86":{"start":{"line":504,"column":15},"end":{"line":504,"column":16185}},"87":{"start":{"line":510,"column":8},"end":{"line":510,"column":40}}},"branchMap":{"1":{"line":146,"type":"if","locations":[{"start":{"line":146,"column":8},"end":{"line":146,"column":8}},{"start":{"line":146,"column":8},"end":{"line":146,"column":8}}]},"2":{"line":147,"type":"if","locations":[{"start":{"line":147,"column":8},"end":{"line":147,"column":8}},{"start":{"line":147,"column":8},"end":{"line":147,"column":8}}]},"3":{"line":148,"type":"if","locations":[{"start":{"line":148,"column":8},"end":{"line":148,"column":8}},{"start":{"line":148,"column":8},"end":{"line":148,"column":8}}]},"4":{"line":161,"type":"if","locations":[{"start":{"line":161,"column":8},"end":{"line":161,"column":8}},{"start":{"line":161,"column":8},"end":{"line":161,"column":8}}]},"5":{"line":164,"type":"if","locations":[{"start":{"line":164,"column":12},"end":{"line":164,"column":12}},{"start":{"line":164,"column":12},"end":{"line":164,"column":12}}]},"6":{"line":185,"type":"if","locations":[{"start":{"line":185,"column":8},"end":{"line":185,"column":8}},{"start":{"line":185,"column":8},"end":{"line":185,"column":8}}]},"7":{"line":187,"type":"if","locations":[{"start":{"line":187,"column":8},"end":{"line":187,"column":8}},{"start":{"line":187,"column":8},"end":{"line":187,"column":8}}]},"8":{"line":194,"type":"if","locations":[{"start":{"line":194,"column":47},"end":{"line":194,"column":47}},{"start":{"line":194,"column":47},"end":{"line":194,"column":47}}]},"9":{"line":195,"type":"if","locations":[{"start":{"line":195,"column":8},"end":{"line":195,"column":8}},{"start":{"line":195,"column":8},"end":{"line":195,"column":8}}]},"10":{"line":204,"type":"if","locations":[{"start":{"line":204,"column":68},"end":{"line":204,"column":68}},{"start":{"line":204,"column":68},"end":{"line":204,"column":68}}]},"11":{"line":205,"type":"if","locations":[{"start":{"line":205,"column":8},"end":{"line":205,"column":8}},{"start":{"line":205,"column":8},"end":{"line":205,"column":8}}]},"12":{"line":219,"type":"if","locations":[{"start":{"line":219,"column":15},"end":{"line":219,"column":15}},{"start":{"line":219,"column":15},"end":{"line":219,"column":15}}]},"13":{"line":220,"type":"if","locations":[{"start":{"line":220,"column":8},"end":{"line":220,"column":8}},{"start":{"line":220,"column":8},"end":{"line":220,"column":8}}]},"14":{"line":221,"type":"if","locations":[{"start":{"line":221,"column":8},"end":{"line":221,"column":8}},{"start":{"line":221,"column":8},"end":{"line":221,"column":8}}]},"15":{"line":222,"type":"if","locations":[{"start":{"line":222,"column":8},"end":{"line":222,"column":8}},{"start":{"line":222,"column":8},"end":{"line":222,"column":8}}]},"16":{"line":240,"type":"if","locations":[{"start":{"line":240,"column":8},"end":{"line":240,"column":8}},{"start":{"line":240,"column":8},"end":{"line":240,"column":8}}]},"17":{"line":241,"type":"if","locations":[{"start":{"line":241,"column":8},"end":{"line":241,"column":8}},{"start":{"line":241,"column":8},"end":{"line":241,"column":8}}]},"18":{"line":244,"type":"if","locations":[{"start":{"line":244,"column":8},"end":{"line":244,"column":8}},{"start":{"line":244,"column":8},"end":{"line":244,"column":8}}]},"19":{"line":244,"type":"cond-expr","locations":[{"start":{"line":244,"column":16},"end":{"line":244,"column":26}},{"start":{"line":244,"column":31},"end":{"line":244,"column":47}}]},"20":{"line":257,"type":"if","locations":[{"start":{"line":257,"column":8},"end":{"line":257,"column":8}},{"start":{"line":257,"column":8},"end":{"line":257,"column":8}}]},"21":{"line":260,"type":"if","locations":[{"start":{"line":260,"column":8},"end":{"line":260,"column":8}},{"start":{"line":260,"column":8},"end":{"line":260,"column":8}}]},"22":{"line":263,"type":"if","locations":[{"start":{"line":263,"column":12},"end":{"line":263,"column":12}},{"start":{"line":263,"column":12},"end":{"line":263,"column":12}}]},"23":{"line":272,"type":"if","locations":[{"start":{"line":272,"column":8},"end":{"line":272,"column":8}},{"start":{"line":272,"column":8},"end":{"line":272,"column":8}}]},"24":{"line":273,"type":"if","locations":[{"start":{"line":273,"column":8},"end":{"line":273,"column":8}},{"start":{"line":273,"column":8},"end":{"line":273,"column":8}}]},"25":{"line":274,"type":"if","locations":[{"start":{"line":274,"column":8},"end":{"line":274,"column":8}},{"start":{"line":274,"column":8},"end":{"line":274,"column":8}}]},"26":{"line":281,"type":"if","locations":[{"start":{"line":281,"column":8},"end":{"line":281,"column":8}},{"start":{"line":281,"column":8},"end":{"line":281,"column":8}}]},"27":{"line":294,"type":"if","locations":[{"start":{"line":294,"column":8},"end":{"line":294,"column":8}},{"start":{"line":294,"column":8},"end":{"line":294,"column":8}}]},"28":{"line":303,"type":"if","locations":[{"start":{"line":303,"column":8},"end":{"line":303,"column":8}},{"start":{"line":303,"column":8},"end":{"line":303,"column":8}}]},"29":{"line":304,"type":"if","locations":[{"start":{"line":304,"column":12},"end":{"line":304,"column":12}},{"start":{"line":304,"column":12},"end":{"line":304,"column":12}}]},"30":{"line":327,"type":"if","locations":[{"start":{"line":327,"column":63},"end":{"line":327,"column":63}},{"start":{"line":327,"column":63},"end":{"line":327,"column":63}}]},"31":{"line":328,"type":"if","locations":[{"start":{"line":328,"column":8},"end":{"line":328,"column":8}},{"start":{"line":328,"column":8},"end":{"line":328,"column":8}}]},"32":{"line":352,"type":"if","locations":[{"start":{"line":352,"column":12},"end":{"line":352,"column":12}},{"start":{"line":352,"column":12},"end":{"line":352,"column":12}}]},"33":{"line":372,"type":"if","locations":[{"start":{"line":372,"column":8},"end":{"line":372,"column":8}},{"start":{"line":372,"column":8},"end":{"line":372,"column":8}}]},"34":{"line":377,"type":"if","locations":[{"start":{"line":377,"column":8},"end":{"line":377,"column":8}},{"start":{"line":377,"column":8},"end":{"line":377,"column":8}}]},"35":{"line":401,"type":"if","locations":[{"start":{"line":401,"column":8},"end":{"line":401,"column":8}},{"start":{"line":401,"column":8},"end":{"line":401,"column":8}}]},"36":{"line":402,"type":"if","locations":[{"start":{"line":402,"column":12},"end":{"line":402,"column":12}},{"start":{"line":402,"column":12},"end":{"line":402,"column":12}}]},"37":{"line":403,"type":"if","locations":[{"start":{"line":403,"column":12},"end":{"line":403,"column":12}},{"start":{"line":403,"column":12},"end":{"line":403,"column":12}}]},"38":{"line":410,"type":"if","locations":[{"start":{"line":410,"column":12},"end":{"line":410,"column":12}},{"start":{"line":410,"column":12},"end":{"line":410,"column":12}}]},"39":{"line":414,"type":"if","locations":[{"start":{"line":414,"column":8},"end":{"line":414,"column":8}},{"start":{"line":414,"column":8},"end":{"line":414,"column":8}}]},"40":{"line":418,"type":"if","locations":[{"start":{"line":418,"column":8},"end":{"line":418,"column":8}},{"start":{"line":418,"column":8},"end":{"line":418,"column":8}}]},"41":{"line":424,"type":"if","locations":[{"start":{"line":424,"column":8},"end":{"line":424,"column":8}},{"start":{"line":424,"column":8},"end":{"line":424,"column":8}}]},"42":{"line":426,"type":"if","locations":[{"start":{"line":426,"column":12},"end":{"line":426,"column":12}},{"start":{"line":426,"column":12},"end":{"line":426,"column":12}}]},"43":{"line":431,"type":"if","locations":[{"start":{"line":431,"column":8},"end":{"line":431,"column":8}},{"start":{"line":431,"column":8},"end":{"line":431,"column":8}}]},"44":{"line":435,"type":"if","locations":[{"start":{"line":435,"column":12},"end":{"line":435,"column":12}},{"start":{"line":435,"column":12},"end":{"line":435,"column":12}}]},"45":{"line":440,"type":"if","locations":[{"start":{"line":440,"column":8},"end":{"line":440,"column":8}},{"start":{"line":440,"column":8},"end":{"line":440,"column":8}}]},"46":{"line":477,"type":"if","locations":[{"start":{"line":477,"column":8},"end":{"line":477,"column":8}},{"start":{"line":477,"column":8},"end":{"line":477,"column":8}}]},"47":{"line":479,"type":"if","locations":[{"start":{"line":479,"column":15},"end":{"line":479,"column":15}},{"start":{"line":479,"column":15},"end":{"line":479,"column":15}}]},"48":{"line":502,"type":"if","locations":[{"start":{"line":502,"column":8},"end":{"line":502,"column":8}},{"start":{"line":502,"column":8},"end":{"line":502,"column":8}}]},"49":{"line":504,"type":"if","locations":[{"start":{"line":504,"column":15},"end":{"line":504,"column":15}},{"start":{"line":504,"column":15},"end":{"line":504,"column":15}}]}}}}
