TN:
SF:/Users/coredev0927/WorkSpace/Blockchain/Evm/Altava/staking-contract/contracts/BoosterController.sol
FN:62,setBoosterArray
FN:82,setBoosterValue
FN:96,removeBoosterValue
FN:111,getBoosterAPR
FN:134,getBoosterKeysValues
FN:159,getTotalPairCount
FN:171,_setBoosterValue
FN:204,_quickSort
FN:227,_getTopDownKeys
FNF:9
FNH:9
FNDA:10,setBoosterArray
FNDA:20,setBoosterValue
FNDA:7,removeBoosterValue
FNDA:19,getBoosterAPR
FNDA:9,getBoosterKeysValues
FNDA:5,getTotalPairCount
FNDA:51,_setBoosterValue
FNDA:16,_quickSort
FNDA:54,_getTopDownKeys
DA:63,10
DA:65,9
DA:66,9
DA:68,8
DA:69,32
DA:70,32
DA:84,20
DA:86,19
DA:98,7
DA:99,6
DA:100,6
DA:102,6
DA:116,19
DA:117,19
DA:118,12
DA:120,7
DA:122,7
DA:124,7
DA:125,3
DA:127,3
DA:139,9
DA:141,9
DA:142,9
DA:143,9
DA:144,8
DA:147,9
DA:148,9
DA:149,27
DA:150,27
DA:151,27
DA:164,5
DA:165,5
DA:174,51
DA:175,51
DA:176,51
DA:177,49
DA:179,48
DA:180,48
DA:185,47
DA:186,47
DA:188,47
DA:189,7
DA:190,7
DA:192,46
DA:193,35
DA:194,35
DA:197,45
DA:199,45
DA:209,16
DA:210,16
DA:211,16
DA:212,15
DA:213,15
DA:214,19
DA:215,19
DA:216,19
DA:217,18
DA:218,18
DA:219,18
DA:222,15
DA:223,15
DA:232,54
DA:233,54
DA:234,54
DA:235,54
DA:236,139
DA:237,13
DA:240,139
DA:241,110
DA:244,54
LF:70
LH:70
BRDA:62,1,0,10
BRDA:62,1,1,1
BRDA:63,2,0,9
BRDA:63,2,1,1
BRDA:66,3,0,8
BRDA:66,3,1,1
BRDA:82,4,0,20
BRDA:82,4,1,1
BRDA:84,5,0,19
BRDA:84,5,1,1
BRDA:96,6,0,7
BRDA:96,6,1,1
BRDA:98,7,0,6
BRDA:98,7,1,1
BRDA:117,8,0,12
BRDA:117,8,1,7
BRDA:124,9,0,3
BRDA:124,9,1,4
BRDA:126,10,0,3
BRDA:126,10,1,1
BRDA:143,11,0,8
BRDA:143,11,1,1
BRDA:176,12,0,49
BRDA:176,12,1,2
BRDA:177,13,0,48
BRDA:177,13,1,1
BRDA:180,14,0,47
BRDA:180,14,1,1
BRDA:188,15,0,7
BRDA:188,15,1,40
BRDA:190,16,0,6
BRDA:190,16,1,1
BRDA:192,17,0,35
BRDA:192,17,1,11
BRDA:194,18,0,34
BRDA:194,18,1,1
BRDA:211,19,0,1
BRDA:211,19,1,15
BRDA:216,20,0,18
BRDA:216,20,1,1
BRDA:222,21,0,3
BRDA:222,21,1,12
BRDA:223,22,0,5
BRDA:223,22,1,10
BRDA:236,23,0,13
BRDA:236,23,1,126
BRDA:240,24,0,110
BRDA:240,24,1,29
BRF:48
BRH:48
end_of_record
TN:
SF:/Users/coredev0927/WorkSpace/Blockchain/Evm/Altava/staking-contract/contracts/IterateMapping.sol
FN:16,insert
FN:31,remove
FN:44,contains
FNF:3
FNH:3
FNDA:68,insert
FNDA:6,remove
FNDA:41,contains
DA:21,68
DA:22,68
DA:23,68
DA:25,62
DA:26,62
DA:27,62
DA:32,6
DA:33,6
DA:34,5
DA:35,5
DA:36,4
DA:37,4
DA:39,5
DA:40,5
DA:41,5
DA:49,41
LF:16
LH:16
BRDA:23,1,0,6
BRDA:23,1,1,62
BRDA:33,2,0,1
BRDA:33,2,1,5
BRDA:35,3,0,4
BRDA:35,3,1,1
BRF:6
BRH:6
end_of_record
TN:
SF:/Users/coredev0927/WorkSpace/Blockchain/Evm/Altava/staking-contract/contracts/MasterChef.sol
FN:32,_realAddress
FN:39,constructor
FN:50,setNFTStaking
FN:79,deploy
FN:140,getAllChefAddress
FNF:5
FNH:5
FNDA:19,_realAddress
FNDA:15,constructor
FNDA:1,setNFTStaking
FNDA:7,deploy
FNDA:62,getAllChefAddress
DA:33,19
DA:34,17
DA:40,15
DA:52,1
DA:80,7
DA:82,6
DA:83,4
DA:85,2
DA:87,2
DA:90,4
DA:92,4
DA:96,4
DA:98,4
DA:100,4
DA:109,4
DA:123,4
DA:124,4
DA:125,4
DA:128,4
DA:141,62
DA:144,62
DA:145,49
DA:147,62
LF:23
LH:23
BRDA:33,1,0,17
BRDA:33,1,1,2
BRDA:49,2,0,2
BRDA:49,2,1,1
BRDA:50,3,0,1
BRDA:50,3,1,1
BRDA:79,4,0,7
BRDA:79,4,1,1
BRDA:80,5,0,6
BRDA:80,5,1,1
BRDA:82,6,0,4
BRDA:82,6,1,2
BRDA:83,7,0,3
BRDA:83,7,1,1
BRDA:87,8,0,1
BRDA:87,8,1,1
BRF:16
BRH:16
end_of_record
TN:
SF:/Users/coredev0927/WorkSpace/Blockchain/Evm/Altava/staking-contract/contracts/NFTChef.sol
FN:123,constructor
FN:135,initialize
FN:167,setPause
FN:175,setBoosterValue
FN:220,setRequiredLockAmount
FN:248,stake
FN:349,unstake
FN:428,getStakerBoosterValue
FN:440,getPanaltyAmount
FN:469,getStakerInfo
FN:480,getCurrentStakerInfo
FN:493,getUserStakeIndex
FN:502,getConfig
FN:515,getBoosterValue
FNF:14
FNH:14
FNDA:2,constructor
FNDA:3,initialize
FNDA:2,setPause
FNDA:16,setBoosterValue
FNDA:32,setRequiredLockAmount
FNDA:15,stake
FNDA:8,unstake
FNDA:2,getStakerBoosterValue
FNDA:3,getPanaltyAmount
FNDA:1,getStakerInfo
FNDA:2,getCurrentStakerInfo
FNDA:1,getUserStakeIndex
FNDA:12,getConfig
FNDA:35,getBoosterValue
DA:124,2
DA:142,3
DA:143,2
DA:146,2
DA:148,2
DA:149,2
DA:150,2
DA:153,2
DA:154,2
DA:155,6
DA:157,2
DA:161,2
DA:168,2
DA:176,16
DA:177,3
DA:178,3
DA:179,3
DA:181,13
DA:182,12
DA:183,11
DA:184,10
DA:185,9
DA:186,8
DA:187,8
DA:189,8
DA:190,5
DA:194,4
DA:195,3
DA:201,2
DA:221,32
DA:222,31
DA:223,30
DA:229,1
DA:232,31
DA:249,15
DA:251,15
DA:252,15
DA:254,14
DA:255,14
DA:258,14
DA:260,14
DA:261,14
DA:264,14
DA:267,12
DA:268,12
DA:274,12
DA:279,12
DA:282,12
DA:284,12
DA:286,12
DA:287,12
DA:290,12
DA:293,12
DA:295,12
DA:298,12
DA:303,12
DA:310,12
DA:316,12
DA:317,10
DA:320,12
DA:323,12
DA:324,12
DA:325,12
DA:326,12
DA:328,12
DA:351,8
DA:352,8
DA:354,7
DA:355,7
DA:358,7
DA:360,7
DA:362,7
DA:363,6
DA:364,5
DA:366,5
DA:369,5
DA:370,5
DA:371,5
DA:374,5
DA:378,5
DA:380,5
DA:381,5
DA:383,5
DA:385,5
DA:387,2
DA:388,2
DA:390,2
DA:394,2
DA:395,1
DA:396,1
DA:403,5
DA:409,5
DA:412,5
DA:415,5
DA:433,2
DA:434,2
DA:442,3
DA:443,3
DA:445,3
DA:446,3
DA:448,3
DA:452,3
DA:455,2
DA:456,2
DA:457,2
DA:458,2
DA:459,2
DA:460,1
DA:461,1
DA:463,1
DA:474,1
DA:486,2
DA:487,2
DA:495,1
DA:496,1
DA:507,12
DA:516,35
DA:517,6
DA:519,29
LF:119
LH:119
BRDA:142,1,0,2
BRDA:142,1,1,1
BRDA:143,2,0,2
BRDA:143,2,1,0
BRDA:167,3,0,2
BRDA:167,3,1,1
BRDA:168,4,0,1
BRDA:168,4,1,1
BRDA:175,5,0,16
BRDA:175,5,1,1
BRDA:176,6,0,3
BRDA:176,6,1,13
BRDA:181,7,0,12
BRDA:181,7,1,1
BRDA:182,8,0,11
BRDA:182,8,1,1
BRDA:183,9,0,10
BRDA:183,9,1,1
BRDA:184,10,0,9
BRDA:184,10,1,1
BRDA:185,11,0,8
BRDA:185,11,1,1
BRDA:187,12,0,1
BRDA:187,12,1,7
BRDA:189,13,0,5
BRDA:189,13,1,3
BRDA:190,14,0,4
BRDA:190,14,1,1
BRDA:194,15,0,3
BRDA:194,15,1,1
BRDA:195,16,0,1
BRDA:195,16,1,2
BRDA:200,17,0,2
BRDA:200,17,1,1
BRDA:201,18,0,1
BRDA:201,18,1,1
BRDA:220,19,0,32
BRDA:220,19,1,1
BRDA:221,20,0,31
BRDA:221,20,1,1
BRDA:222,21,0,30
BRDA:222,21,1,1
BRDA:248,22,0,16
BRDA:248,22,1,0
BRDA:248,23,0,15
BRDA:248,23,1,1
BRDA:252,24,0,14
BRDA:252,24,1,1
BRDA:255,25,0,14
BRDA:255,25,1,0
BRDA:261,26,0,14
BRDA:261,26,1,0
BRDA:264,27,0,12
BRDA:264,27,1,2
BRDA:268,28,0,12
BRDA:268,28,1,0
BRDA:274,29,0,12
BRDA:274,29,1,0
BRDA:275,30,0,2
BRDA:275,30,1,10
BRDA:279,31,0,12
BRDA:279,31,1,0
BRDA:293,32,0,12
BRDA:293,32,1,0
BRDA:298,33,0,12
BRDA:298,33,1,0
BRDA:316,34,0,10
BRDA:316,34,1,2
BRDA:349,35,0,8
BRDA:349,35,1,0
BRDA:352,36,0,7
BRDA:352,36,1,1
BRDA:362,37,0,6
BRDA:362,37,1,1
BRDA:363,38,0,5
BRDA:363,38,1,1
BRDA:364,39,0,5
BRDA:364,39,1,0
BRDA:371,40,0,0
BRDA:371,40,1,5
BRDA:378,41,0,5
BRDA:378,41,1,0
BRDA:385,42,0,2
BRDA:385,42,1,3
BRDA:394,43,0,1
BRDA:394,43,1,1
BRDA:396,44,0,1
BRDA:396,44,1,0
BRDA:403,45,0,5
BRDA:403,45,1,0
BRDA:452,46,0,1
BRDA:452,46,1,2
BRDA:459,47,0,1
BRDA:459,47,1,1
BRDA:516,48,0,6
BRDA:516,48,1,29
BRF:96
BRH:81
end_of_record
TN:
SF:/Users/coredev0927/WorkSpace/Blockchain/Evm/Altava/staking-contract/contracts/NFTMasterChef.sol
FN:33,_realAddress
FN:43,constructor
FN:57,setNFTStaking
FN:74,deploy
FN:126,getChefAddress
FN:139,getAllChefAddress
FNF:6
FNH:6
FNDA:35,_realAddress
FNDA:16,constructor
FNDA:1,setNFTStaking
FNDA:6,deploy
FNDA:2,getChefAddress
FNDA:19,getAllChefAddress
DA:34,35
DA:35,34
DA:45,16
DA:46,15
DA:47,15
DA:59,1
DA:75,6
DA:77,6
DA:78,5
DA:79,15
DA:80,14
DA:81,9
DA:88,3
DA:90,3
DA:92,3
DA:95,3
DA:97,3
DA:106,3
DA:115,2
DA:116,2
DA:117,2
DA:120,2
DA:132,2
DA:133,1
DA:145,19
DA:148,19
DA:149,34
DA:151,19
LF:28
LH:28
BRDA:34,1,0,34
BRDA:34,1,1,1
BRDA:45,2,0,15
BRDA:45,2,1,1
BRDA:56,3,0,2
BRDA:56,3,1,1
BRDA:57,4,0,1
BRDA:57,4,1,1
BRDA:74,5,0,6
BRDA:74,5,1,1
BRDA:77,6,0,5
BRDA:77,6,1,1
BRDA:79,7,0,14
BRDA:79,7,1,1
BRDA:80,8,0,9
BRDA:80,8,1,5
BRDA:81,9,0,8
BRDA:81,9,1,1
BRDA:132,10,0,1
BRDA:132,10,1,1
BRF:20
BRH:20
end_of_record
TN:
SF:/Users/coredev0927/WorkSpace/Blockchain/Evm/Altava/staking-contract/contracts/NFTStaking.sol
FN:77,onlyTokenOwner
FN:86,onlySmartChef
FN:105,onlyNFTChef
FN:125,_realAddress
FN:134,constructor
FN:144,setMasterChef
FN:155,setNFTMasterChef
FN:165,stake
FN:217,unstake
FN:245,stakeFromSmartChef
FN:275,unstakeFromSmartChef
FN:293,stakeFromNFTChef
FN:323,unstakeFromNFTChef
FN:339,getSmartChefBoostData
FN:371,getNFTChefBoostCount
FN:395,getStakedTokenIds
FN:423,getStakedNFTCount
FN:444,_removeUnholdNFTs
FN:456,_removeHoldNFT
FN:474,_stake
FN:492,_getStakedIndex
FN:513,_removeDuplicateBasedOnTimestamp
FNF:22
FNH:22
FNDA:49,onlyTokenOwner
FNDA:22,onlySmartChef
FNDA:21,onlyNFTChef
FNDA:12,_realAddress
FNDA:18,constructor
FNDA:5,setMasterChef
FNDA:5,setNFTMasterChef
FNDA:28,stake
FNDA:4,unstake
FNDA:12,stakeFromSmartChef
FNDA:6,unstakeFromSmartChef
FNDA:12,stakeFromNFTChef
FNDA:5,unstakeFromNFTChef
FNDA:7,getSmartChefBoostData
FNDA:10,getNFTChefBoostCount
FNDA:6,getStakedTokenIds
FNDA:39,getStakedNFTCount
FNDA:30,_removeUnholdNFTs
FNDA:4,_removeHoldNFT
FNDA:42,_stake
FNDA:50,_getStakedIndex
FNDA:7,_removeDuplicateBasedOnTimestamp
DA:78,49
DA:82,46
DA:87,22
DA:91,20
DA:92,20
DA:93,20
DA:94,20
DA:95,27
DA:96,27
DA:97,18
DA:100,20
DA:101,18
DA:106,21
DA:110,19
DA:111,19
DA:112,19
DA:113,19
DA:114,34
DA:115,34
DA:116,17
DA:119,19
DA:120,17
DA:126,12
DA:127,10
DA:135,18
DA:146,5
DA:157,5
DA:166,28
DA:170,27
DA:171,27
DA:172,26
DA:173,26
DA:175,26
DA:176,26
DA:177,26
DA:182,25
DA:183,44
DA:184,44
DA:186,42
DA:188,42
DA:189,42
DA:190,42
DA:191,22
DA:192,22
DA:195,22
DA:200,5
DA:202,5
DA:218,4
DA:219,4
DA:220,4
DA:221,4
DA:223,3
DA:224,3
DA:225,3
DA:226,1
DA:228,3
DA:230,3
DA:231,1
DA:234,3
DA:248,12
DA:249,12
DA:250,12
DA:251,12
DA:252,12
DA:254,12
DA:255,8
DA:256,8
DA:258,8
DA:265,12
DA:278,6
DA:279,6
DA:280,3
DA:282,6
DA:296,12
DA:297,12
DA:298,12
DA:299,12
DA:300,12
DA:302,12
DA:303,10
DA:304,10
DA:306,10
DA:313,12
DA:326,5
DA:327,5
DA:328,4
DA:330,5
DA:345,7
DA:346,7
DA:348,7
DA:349,7
DA:351,7
DA:352,7
DA:353,14
DA:354,14
DA:355,14
DA:356,13
DA:358,13
DA:359,13
DA:363,7
DA:377,10
DA:378,10
DA:379,10
DA:381,10
DA:382,24
DA:383,24
DA:384,24
DA:385,19
DA:388,10
DA:401,6
DA:402,6
DA:403,6
DA:404,6
DA:406,6
DA:408,6
DA:409,14
DA:410,14
DA:411,14
DA:412,13
DA:413,13
DA:416,6
DA:428,39
DA:430,39
DA:431,39
DA:432,39
DA:433,48
DA:435,48
DA:436,46
DA:445,30
DA:446,30
DA:448,30
DA:449,45
DA:450,45
DA:451,4
DA:457,4
DA:459,4
DA:460,4
DA:462,4
DA:463,2
DA:465,4
DA:466,4
DA:475,42
DA:477,42
DA:480,42
DA:481,37
DA:482,37
DA:484,37
DA:497,50
DA:499,50
DA:500,50
DA:501,74
DA:502,74
DA:503,12
DA:507,38
DA:517,7
DA:518,7
DA:520,7
DA:521,7
DA:522,8
DA:523,8
DA:524,9
DA:525,5
DA:527,4
DA:531,8
DA:532,8
DA:533,8
DA:535,8
DA:538,7
DA:539,7
DA:540,7
DA:541,8
DA:542,8
DA:543,8
DA:544,4
DA:548,7
LF:175
LH:175
BRDA:78,1,0,46
BRDA:78,1,1,3
BRDA:87,2,0,20
BRDA:87,2,1,2
BRDA:96,3,0,18
BRDA:96,3,1,9
BRDA:100,4,0,18
BRDA:100,4,1,2
BRDA:106,5,0,19
BRDA:106,5,1,2
BRDA:115,6,0,17
BRDA:115,6,1,17
BRDA:119,7,0,17
BRDA:119,7,1,2
BRDA:126,8,0,10
BRDA:126,8,1,2
BRDA:143,9,0,6
BRDA:143,9,1,1
BRDA:144,10,0,5
BRDA:144,10,1,1
BRDA:154,11,0,6
BRDA:154,11,1,1
BRDA:155,12,0,5
BRDA:155,12,1,1
BRDA:166,13,0,27
BRDA:166,13,1,1
BRDA:171,14,0,26
BRDA:171,14,1,1
BRDA:177,15,0,25
BRDA:177,15,1,1
BRDA:195,16,0,5
BRDA:195,16,1,17
BRDA:217,17,0,4
BRDA:217,17,1,1
BRDA:221,18,0,3
BRDA:221,18,1,1
BRDA:225,19,0,1
BRDA:225,19,1,2
BRDA:230,20,0,1
BRDA:230,20,1,2
BRDA:245,21,0,12
BRDA:245,21,1,2
BRDA:275,22,0,6
BRDA:275,22,1,2
BRDA:279,23,0,3
BRDA:279,23,1,3
BRDA:293,24,0,12
BRDA:293,24,1,2
BRDA:323,25,0,5
BRDA:323,25,1,2
BRDA:327,26,0,4
BRDA:327,26,1,1
BRDA:355,27,0,13
BRDA:355,27,1,1
BRDA:384,28,0,19
BRDA:384,28,1,5
BRDA:411,29,0,13
BRDA:411,29,1,1
BRDA:435,30,0,46
BRDA:435,30,1,2
BRDA:450,31,0,4
BRDA:450,31,1,41
BRDA:462,32,0,2
BRDA:462,32,1,2
BRDA:474,33,0,42
BRDA:474,33,1,2
BRDA:480,34,0,37
BRDA:480,34,1,5
BRDA:502,35,0,12
BRDA:502,35,1,62
BRDA:524,36,0,5
BRDA:524,36,1,4
BRDA:543,37,0,4
BRDA:543,37,1,4
BRF:74
BRH:74
end_of_record
TN:
SF:/Users/coredev0927/WorkSpace/Blockchain/Evm/Altava/staking-contract/contracts/SmartChef.sol
FN:119,constructor
FN:134,initialize
FN:185,setBoosterController
FN:194,setPause
FN:204,updateRewardPerBlock
FN:219,updateStartAndEndBlocks
FN:241,stake
FN:257,unlock
FN:327,emergencyRewardWithdraw
FN:337,getStakerBoosterValue
FN:371,_updatePool
FN:393,_stake
FN:472,_getMultiplier
FN:490,_getBoostAPR
FNF:14
FNH:14
FNDA:4,constructor
FNDA:5,initialize
FNDA:2,setBoosterController
FNDA:2,setPause
FNDA:2,updateRewardPerBlock
FNDA:4,updateStartAndEndBlocks
FNDA:28,stake
FNDA:13,unlock
FNDA:2,emergencyRewardWithdraw
FNDA:7,getStakerBoosterValue
FNDA:24,_updatePool
FNDA:27,_stake
FNDA:14,_getMultiplier
FNDA:8,_getBoostAPR
DA:120,4
DA:146,5
DA:147,4
DA:148,4
DA:150,4
DA:152,4
DA:154,4
DA:155,4
DA:156,4
DA:157,4
DA:158,4
DA:161,4
DA:162,3
DA:163,3
DA:164,3
DA:165,3
DA:167,1
DA:169,4
DA:172,4
DA:174,4
DA:177,4
DA:187,2
DA:188,1
DA:195,2
DA:205,2
DA:206,1
DA:207,1
DA:220,4
DA:221,3
DA:222,2
DA:224,1
DA:225,1
DA:228,1
DA:230,1
DA:244,28
DA:245,27
DA:260,13
DA:261,11
DA:263,11
DA:266,12
DA:267,12
DA:268,12
DA:270,12
DA:272,12
DA:273,9
DA:274,9
DA:276,6
DA:278,6
DA:281,6
DA:282,5
DA:286,6
DA:287,6
DA:290,6
DA:291,6
DA:293,6
DA:294,6
DA:295,6
DA:299,6
DA:303,6
DA:304,2
DA:309,2
DA:312,6
DA:320,6
DA:328,2
DA:329,1
DA:342,7
DA:344,7
DA:346,7
DA:348,7
DA:349,7
DA:350,8
DA:351,8
DA:352,8
DA:353,4
DA:356,8
DA:364,7
DA:372,24
DA:373,4
DA:375,20
DA:377,20
DA:378,6
DA:379,6
DA:381,14
DA:382,14
DA:383,14
DA:387,14
DA:398,27
DA:399,27
DA:401,27
DA:402,13
DA:403,11
DA:407,7
DA:410,14
DA:411,14
DA:414,21
DA:418,19
DA:424,18
DA:426,12
DA:429,18
DA:431,18
DA:432,6
DA:435,6
DA:436,4
DA:440,18
DA:441,12
DA:442,12
DA:449,18
DA:452,18
DA:453,18
DA:455,18
DA:464,18
DA:477,14
DA:478,11
DA:480,2
DA:482,1
DA:496,8
DA:501,8
DA:502,8
DA:503,4
DA:505,0
DA:507,4
DA:510,8
LF:122
LH:121
BRDA:146,1,0,4
BRDA:146,1,1,1
BRDA:147,2,0,4
BRDA:147,2,1,0
BRDA:148,3,0,4
BRDA:148,3,1,0
BRDA:161,4,0,3
BRDA:161,4,1,1
BRDA:164,5,0,3
BRDA:164,5,1,0
BRDA:185,6,0,2
BRDA:185,6,1,1
BRDA:187,7,0,1
BRDA:187,7,1,1
BRDA:194,8,0,2
BRDA:194,8,1,1
BRDA:195,9,0,1
BRDA:195,9,1,1
BRDA:204,10,0,2
BRDA:204,10,1,1
BRDA:205,11,0,1
BRDA:205,11,1,1
BRDA:219,12,0,4
BRDA:219,12,1,1
BRDA:220,13,0,3
BRDA:220,13,1,1
BRDA:221,14,0,2
BRDA:221,14,1,1
BRDA:222,15,0,1
BRDA:222,15,1,1
BRDA:240,16,0,29
BRDA:240,16,1,0
BRDA:241,17,0,28
BRDA:241,17,1,1
BRDA:244,18,0,27
BRDA:244,18,1,1
BRDA:244,19,0,16
BRDA:244,19,1,11
BRDA:257,20,0,13
BRDA:257,20,1,0
BRDA:260,21,0,11
BRDA:260,21,1,2
BRDA:263,22,0,10
BRDA:263,22,1,1
BRDA:272,23,0,9
BRDA:272,23,1,3
BRDA:273,24,0,9
BRDA:273,24,1,0
BRDA:274,25,0,6
BRDA:274,25,1,3
BRDA:281,26,0,5
BRDA:281,26,1,1
BRDA:294,27,0,6
BRDA:294,27,1,0
BRDA:303,28,0,2
BRDA:303,28,1,4
BRDA:304,29,0,2
BRDA:304,29,1,0
BRDA:327,30,0,2
BRDA:327,30,1,1
BRDA:328,31,0,1
BRDA:328,31,1,1
BRDA:352,32,0,4
BRDA:352,32,1,4
BRDA:372,33,0,4
BRDA:372,33,1,20
BRDA:377,34,0,6
BRDA:377,34,1,14
BRDA:401,35,0,13
BRDA:401,35,1,14
BRDA:402,36,0,11
BRDA:402,36,1,2
BRDA:403,37,0,7
BRDA:403,37,1,4
BRDA:410,38,0,14
BRDA:410,38,1,0
BRDA:414,39,0,19
BRDA:414,39,1,2
BRDA:418,40,0,18
BRDA:418,40,1,1
BRDA:424,41,0,12
BRDA:424,41,1,6
BRDA:426,42,0,12
BRDA:426,42,1,0
BRDA:431,43,0,6
BRDA:431,43,1,12
BRDA:435,44,0,4
BRDA:435,44,1,2
BRDA:440,45,0,12
BRDA:440,45,1,6
BRDA:477,46,0,11
BRDA:477,46,1,3
BRDA:479,47,0,2
BRDA:479,47,1,1
BRDA:502,48,0,4
BRDA:502,48,1,4
BRDA:504,49,0,0
BRDA:504,49,1,4
BRF:98
BRH:87
end_of_record
